reading picture
building tuples
wide Glyphs
displaying
▯▯▯▯▯1▯ ▯▯1991▯ ▯▯▯1▯91 ▯▯▯▯▯▯1▯▯ ▯▯▯▯▯▯
               ▯▯1▯0 0▯
  ▯[  ▯[▯)  ▯      ▯1 ▯[▯[  1▯1
    ▯▯)▯ן▯)▯[▯▯1▯▯   ▯ו1▯▯(1▯
                   .
     ▯▯▯▯▯▯▯00▯▯▯1▯▯1▯▯▯▯10▯▯▯
           ▯▯▯▯▯▯▯▯▯▯▯▯▯'▯▯▯▯▯▯▯
reading picture
building tuples
wide Glyphs
displaying
                     ▯▯▯▯▯▯ ▯00▯ ▯1▯1991▯ ▯▯▯10▯▯▯
                         ▯▯▯▯▯▯▯1▯▯▯▯▯▯ '▯▯▯▯▯1▯▯
                  ▯▯0.▯▯▯1▯1▯▯▯1▯1991▯ — 900▯־▯▯▯ ▯1▯
                      ▯▯0.▯▯▯▯▯▯▯00▯▯1▯1991▯.▯▯▯
                                         .
                          ▯▯1▯ ▯0▯ ▯▯91▯▯▯ ▯0▯▯▯
              ▯▯▯▯▯1▯ ▯1▯1991▯ ▯▯▯1▯91 ▯▯▯▯▯▯1▯▯ ▯▯▯▯▯▯
                               :▯▯ 9▯19▯0▯▯ ▯▯▯
                              ▯▯▯▯ ▯▯▯▯▯▯) ־▯ ▯▯▯▯▯
                           ▯▯▯▯▯▯▯▯ ▯▯ן▯▯▯) ▯▯ ▯ ▯▯▯▯
                         ▯▯▯▯▯▯ ▯▯▯▯▯▯▯) ▯▯▯▯▯▯▯ ▯▯
                 ▯▯▯▯▯▯▯▯▯▯ ▯▯▯▯▯▯▯▯▯▯ ־▯ ▯▯▯▯▯▯▯ ▯▯▯ ▯▯▯▯▯
                                  ▯▯▯▯▯▯▯ ▯▯▯
                                   ▯▯▯▯▯ ▯▯▯▯▯▯
                         ▯▯▯▯▯▯▯▯▯▯ ▯▯▯▯▯▯▯ ▯▯▯▯▯▯▯▯▯
                                ▯▯▯▯▯▯▯▯▯▯ ־▯▯▯▯
                            ▯▯▯▯▯▯▯▯ ▯▯▯ ▯▯▯ ▯▯▯▯▯
                    ▯▯▯▯▯▯▯▯▯▯ ▯▯▯▯▯▯ ▯▯▯▯▯▯▯ ▯▯▯ ▯▯▯▯
                   ▯▯1▯ ▯0 ▯9▯▯1▯▯ 9▯▯ ▯▯▯▯▯▯▯ 9▯▯
                          ▯▯▯▯▯▯) ▯▯▯▯ ▯▯▯▯▯▯▯ ▯▯▯▯▯▯▯
                                         .
              01▯▯1▯▯ 1▯ת10▯1▯▯▯▯ ▯ ▯1 '▯▯0▯▯▯▯ ת▯▯01▯ ▯0 '▯▯▯▯ ▯▯▯▯'▯▯▯▯▯
          ▯01▯▯ ▯▯▯01▯ ת0▯▯010▯ ▯▯0 ▯0▯ ת10▯▯▯1▯▯ת1 ▯▯▯ ▯▯1▯1▯▯▯▯▯ ▯▯1▯▯1▯▯0
            1▯▯▯▯1 '▯1▯1▯▯▯▯▯▯▯0 1ת▯▯▯▯1 1▯1▯▯▯▯ ▯▯1▯▯▯ ▯▯▯0ת ▯▯▯ ▯▯ת▯1▯▯▯ ▯
▯▯▯▯1▯ ▯▯▯▯▯0▯▯ 1▯▯▯▯▯11▯▯ת1 ▯ת▯ ▯▯▯1▯▯▯0▯ ▯▯▯ ▯▯▯▯▯▯▯▯ ▯▯▯ת▯▯ ▯00▯ ▯▯1▯▯1▯ 1▯ת10▯▯▯ ▯▯▯
   ת1▯▯01▯ ▯11▯▯▯ ▯▯▯ ת1 ▯▯▯▯1▯ ▯1 ▯1▯1▯ ▯1▯▯ '▯▯▯▯1▯0ת▯ ▯▯0 ▯0 ▯▯▯▯ ▯▯▯ 0▯ ▯▯00▯ ▯▯0 ת1
     ▯▯1▯1▯ת▯▯1 ▯▯ת▯▯ ▯▯▯01▯ ▯▯▯1▯▯▯0▯ ▯ת▯▯▯▯▯ 0ת ▯▯1▯▯ ▯0▯ ▯▯0▯ ת▯▯▯▯0 ת▯ ▯1 ▯1 ▯0
       — ▯▯0▯ 0▯▯ ▯0ת▯ ▯0▯▯1 ▯0 —▯▯0▯ ▯1▯▯ 0▯ ▯▯▯1▯▯▯0▯ ▯▯1▯▯▯ ת▯ ▯01▯ ▯0▯▯1
▯▯0 ▯▯▯▯1▯▯▯▯▯▯▯111▯▯1▯1▯ ▯▯ 11▯▯1▯ ▯▯ ▯0 '▯▯1▯ 00▯4־▯▯▯־▯41 ▯▯ ▯ת0▯▯ ▯▯ ▯▯ ▯▯▯▯ת0▯ ▯▯▯▯1▯
reading picture
building tuples
wide Glyphs
displaying
אַברהם סוצקעווערןלידער פון טאָגבור
       ▯▯ר▯▯▯ ▯,, ▯       ▯▯—
                   ▯
                            ▯
                                        ▯
          ▯ ,                          ▯
                   ▯    ק▯   ▯ ▯
                                 ▯
                                  ▯
             ▯▯          ▯▯▯   ן
       ▯      ▯            ▯▯▯▯ן▯ ▯
            ▯▯▯▯▯  ▯
reading picture
reading picture
building tuples
wide Glyphs
displaying
      אכרהם
      ־
    סוצקעווער
      ▯
      ▯אַ ▯
פאַרלאַג     ▯▯  תּל־אָביב
         1977
reading picture
building tuples
wide Glyphs
displaying
 ▯▯ברהם טוצקעווער. לידער פון טאָגבור. 1974־1976
 ▯▯אַרלאַג די גאָלדענע קייט. תל־אָביב. ישׁראל
▯1▯▯▯▯1▯▯▯8 ▯▯▯1▯▯ן▯[▯
▯ן▯▯▯00▯ ▯▯▯ ▯1▯(ן1▯
▯▯▯19־4▯19 8▯ן▯0▯                ▯
▯
▯▯▯▯1 ▯▯▯9]00 ן9 ▯▯ ▯▯▯8▯1▯▯▯
נד▯פס בישראל 1977 1▯▯▯▯ן ▯▯ ▯▯1▯▯▯▯
נדפּס בדפוס ”להב” תל־אביב, רח, המסגר 60
reading picture
reading picture
reading picture
building tuples
wide Glyphs
displaying
1974
ס,דערנענטערט זיך די ווײַט. נאָר אַלע רײַזעס, אַוואַנטורעס
און לייגן קלאַפטער אויף פּאַפּיר בײַם שאָטן פון אַ שפּאַרבער,
לאָז איבער צוויי (ווי טאָג מיט נאַכט( צונויפגעגראַמטע שורות
און זאָלן זיך מיט זיי צעטיילן דײַנע יונגע אַרבער.
און אויב ט,איז ווייניק, צי אַרויט פון האַרץ און לאָז אַ דריטע :
אַלמאַי זאָל בלײַבן יתומדיק מיט אויסגעשטרעקטע הענטלער
דײַן קאַץ ▯ האָט עמעצער ווי זי געהאַט אויף ךיר אַ שליטה ?
אַכיבע האָסט שוין אָפּגעשריבן פּאַר דער קאַץ פּראָצענטלעך.
דו האָסט דאָך זעונגען געזען וואָס ניט געזען האָט קיינער
בײַ אירע גרינע יאָרצײַטליכט אין װינטלדיקע חצותן :
באַוואַקסענע מיט קליינע פליגל שוועבט אַ מנין שטיינער
און איבער זיי דער שער־הרחמים איז ניט מער פאַרשלאָסן.
און האָטטו שוין געשאָנקען און צעשאָנקען דײַן פּאַרמעגן
און אָפּגע▯אָלט פאַר דײַנע וווּנדן דעם באַשטימטן שטײַער,
אַנטלויף אין מידבר וווּ די שטערן טריקענען אַן רעגן.
זיי טריקענען. זיי לעשן זיך. באַוואַסער זיי מיט פײַער־
                                  ▯
reading picture
building tuples
wide Glyphs
displaying
▯197
די רויטע ציגל פון דײַן לײַב ־ געדענקטט ניט זייער בנין,
געדענקסט ניט מער דײַן גאַס און בײַט לאַמטערן־שײַן דעם נומער.
אַ וואָלקן איז געבליבן אין אַ פורעמען זיך, ליניען,
געבליבן איז אַ געלער בלאַט אין אָנדענק פון אַ זומער.
געדענקטט ניט מער דעם יונגן פּנים פונעם ערשטן רעגן,
דעם אַדרעס פון דײַן טויב און איר קמיע אינעם שנעבל.
די לאָנקע, וווּ איר זענט צוזאַמען זאַלבע איינס געלעגן,
צעפרעסן איז אַצינד פון פּער און שװעבל.
געדענקסט ניט מער דײַן טאַטע־מאַמע. װער האָט דיך געבוירן ?
דער זעלבער אַש פון פײַער און זײַן קרבן, ווייסט ניט וועמעס.
נאָר אינעווייניק ווייסטו יאָ : עס הערט ניט אויף צו יוירן
דאָס טונקלסטע און קלאָרטטע וואָרט פּון אַלע ווערטער : אמת—
נאָר אינעווייניק װייסטו יאָ : דער פינקלענדיקער עיקר
איז דימענטיקער ווי געווען און קאָנסט מיט אים צעשנײַדן
די שאָטנוועלט' אַז פידלען זאָלן שפּילן פון די שטיקער
און לינדערן אין דור אַ צװייטנס לײַדן.
                                  8
reading picture
building tuples
wide Glyphs
displaying
▯197
די רויטע ציגל פון דײַן לײַב ־ געדענקטט ניט זייער בנין,
געדענקסט ניט מער דײַן גאַס און בײַט לאַמטערן־שײַן דעם נומער.
אַ וואָלקן איז געבליבן אין אַ פורעמען זיך, ליניען,
געבליבן איז אַ געלער בלאַט אין אָנדענק פון אַ זומער.
געדענקטט ניט מער דעם יונגן פּנים פונעם ערשטן רעגן,
דעם אַדרעס פון דײַן טויב און איר קמיע אינעם שנעבל.
די לאָנקע, וווּ איר זענט צוזאַמען זאַלבע איינס געלעגן,
צעפרעסן איז אַצינד פון פּער און שװעבל.
געדענקסט ניט מער דײַן טאַטע־מאַמע. װער האָט דיך געבוירן ?
דער זעלבער אַש פון פײַער און זײַן קרבן, ווייסט ניט וועמעס.
נאָר אינעווייניק ווייסטו יאָ : עס הערט ניט אויף צו יוירן
דאָס טונקלסטע און קלאָרטטע וואָרט פּון אַלע ווערטער : אמת—
נאָר אינעווייניק װייסטו יאָ : דער פינקלענדיקער עיקר
איז דימענטיקער ווי געווען און קאָנסט מיט אים צעשנײַדן
די שאָטנוועלט' אַז פידלען זאָלן שפּילן פון די שטיקער
און לינדערן אין דור אַ צװייטנס לײַדן.
                                  8
reading picture
building tuples
wide Glyphs
displaying
1974
באַשעפענישן אויפן גרונט פון ים, אָן זון, אָן שטראַלן,
שפּאַצירנךיקע צמהים אין אַ יענוועלטיקער לאַנדשאַפט,
געבורט פון טויט און לעבן, בבל־טורעמס פון קאָראַלן,
קאַפּריזן געטלעכע, שוין צײַט מיר זאָלן שליטן קאַנטשאַפט▯
שוין צײַט אַרויטאײַלן פון צירק מיט זײַנע לציט, הוידעס,
אַהין וווּ עס געוועלטיקט נאָך דער פּערל אין זײַן גלאָריע.
שוין צײַט אַרויטצוקנײַפּן פון דער פינצטערניש די סודות
וווּ ט,קלאַפּן הערצעלעך פון שליים אין ▯ס לאַבאָראַטאָריע.
שוין צײַט צו טרינקען ווײַן מיט לאַנג ךערטרונקענע מאַטראָטן
אין וואַסער־קרעטשמע אויפן דעק פון ים, אין אַ קאַיוטע
און הערן זיי דערציילן פון פּיראַטן, אַלבאַטראָטן
און ליבעס פון פאַר טויזנט יאָר, און אַלץ נאָך ניט באַרוטע.
באַפרײַען וויל זיך יעדער קלאַנג פון מעש און האָלץ און סטרונע,
געפאַנגען איז דאָס מענטשן—לשון הינטער שווערע שטײַגן.
שוין צײַט זיר אײַנצוהערן און דערזען דורר אַ שפּאַרונע
ווי שטומע שטילקייט לערנט זיך דעם אַלף־בית פון שווײַגן—
                                  9
reading picture
building tuples
wide Glyphs
displaying
1974
דײַן רגע איין־און־איינציקע, די פּרי װאָס איז אָקערשט
אַראָפּגעפאַלן פונעם עץ־החייט און זי הויערט ▯
נאָך וואַרעט־צאַפּלדיק אין גראָז און פול מיט זאַפט, א▯ ווײַטער
פון אירע שוועסטער אין אַ גוזמא ליכטיאָרן אַרוט.
די רגע איז דאָך דײַנע, דײַנע. ביסט איר עץ־החיים :
אַליין זי אויסגעוואַרעמט האָסטו אין געבליט, געטיילט זיך
מיט איר אַ לעבן־לאַנג דעם ביטן ברויט און ביסל וואַסער'
געטראָגן אויפן אַקסל און באַשיצט פון בליץ־און־דונער.
אַראָפּגעפאַלן א▯ די רגע און, אַ שאָד. אויף אייביק,
אַזאַ מין װײַטע שוין און בײַ די פינגער פון דײַן שאָטן.
און ס,דאַכט : אַרונטערבייגן זיך, אַ צי די האַנט, אַ צערטל,
ס,געווװן איז לעבן דיר אין גראָז, און באַלד אין דײַנע פינגער.
מסתּמא איז געװען אַ קליינער פּגם אין דער יצלה,
און אפשר איז פּאַראַן אַ חכם וואָס וועט מיר דערקלערן
אַלמאַי דעם בויט איז ניט באַשערט זײַן פּרי צו פאַרזוכן
ווען זי איז װאַרעט־צאַפּלדיק פון איט אַראָפּגעפּאַלן
און הויערט
נאָך
און טרויערט
נאָך
אין גראָז ▯
                               10
reading picture
building tuples
wide Glyphs
displaying
▯197
                                      ךעם אָנדענק פון אַהרן צייט▯ין
אומךאָיק ביסטו, איך ־ דערווײַל אומדאָרטן :
צוויי אויסטערלישע בינשטאָקן. בשתּיקה
באַגעגענען זיר אינעם זעלבן גאָרטן
די בינען און זיי ציען די יניקה
פון חלום— ס,וואָלט דאָך ניט געהאַט קיין זינען
ס,געבוירן ווערן אויב אין גאָרטן וואָלטן
זיר ווײַטער ניט באַגעגנט ביידנס בינען.
אויך אונדזער וואָרטקונטט וואָלט ניט מער געגאָלטן.
ס.באַגעגענען זיך ביידנס בינען' זייגן
פון זעלבן חלום און דערנאָך צעשיידטע,
צוריק צוט בינשטאָק וווּ ס,איז היימיש־אייגן,
דערנענטערט זיך אַן ערשטע בין, אַ צווייטע
אַ בינענזשום אין אָװנט איז דער פאָדעט
פּון דיר צו מיר. מיר זעען אים און הערן.
און ט,הערט ניט אויף בן־אָדט זײַן בן־אָדט.
געבענטשט מיט ערשטן און מיט לעצטן שטערן.
                          ▯1
reading picture
building tuples
wide Glyphs
displaying
▯'197
▯▯ואָסער געטראַנק זאָל איך געבן דער נאַכט זי זאָל װוּנדערן ווײַטער ?
▯▯,קלאַפּט איר דאָס האַרץ ווי עס וואָלט פון אַ וואַלד־שרפה יאָגן אַ רײַטער.
▯▯פשר א▯ וואַך אין אַפּטייק דער אַפּטייקער, מײַן שכן פון אַנדערן געסל ▯
▯▯רערן פון שלאַנגען און קרײַטעכצער מישט ער אין ביינערנעם קעסל.
אפשר זיר אײַלן צו רופן אַ דאָקטער ? מע קאָן אַזאַ האַדץ גאָר נוט שאַצן.
▯זאָרהאַפטיק, װאָס וועל איר טאָן אַז דאָס האַרץ װעט איר פּלאַצן ▯
                                    12
reading picture
building tuples
wide Glyphs
displaying
1974
איצטער וועל איך הערן וואָט עס רעדט די נאַכט פון שלאָף :
▯▯ ▯▯וו▯▯▯▯ ג▯▯ ק▯▯▯▯▯ו▯▯בליץ,
                          ר
                 ,
עמעץ רופט אים : קום צו מיר, וי אַנדערע : באַשיץ.
אויסגענאָגט פון קינאה איז די פרוי וואָס רופט אים : קוט,
אָנגעצונדן ווי די רויטע מאָנבלומען אַרום.
אירע אויגן, ניט קיין היגע, זעען וואָס געשעט,
זו▯מפּיק זינקען לאָקערדיקע לאַפּעס פּון אַ בעט.
בלויע צייכנט בלײַבן אויפן קישן, עלעהיי
ערב שנייפאַרגאַנג פיאַלקעס אונטער לינדן שניי.
נאָר די צווייטע וואָס די ערשטע איז איר אומבאַקאַנט,
האַלט אים, ווי אַ רודער אין אַ שטורעם, פאַר זײַן האַנט
י ▯ נ ע זאָל אים ניט אַ ריס טאָן פון איר לײַב, אַהין
וווּ די רויטע מאָנבלומען באַהאַלטן זיך אין גרין.
                            13
reading picture
building tuples
wide Glyphs
displaying
▯'97▯
   מײַן ברװוטרעגער וועט מיר ניט ברענגען קיין בריװ
   און אָפּשטעלן װעט זיך דער זײגער פון לאַנגן אַרכיװ.
   דעט בריװטרעגער האָט, אין אַ טאָרבע, אַ צווייטער
   געבראַכט אין אַ װיט אונטער לייט. און איך װאַרט : אפשר גייט ער ?
   ס,צעבילט זיך דאָס גלעקל. דער צווייטער קומט אָן.
   — פּון וואַנען, מײַן ליבער ? פון װעמען דער בריװ, פּאָטשטאַליאָן ?
   איך האָב נאָך ביז הײַנט ניט געזען אַזאַ מאַרקע'
   די שטיװל אין שטויב. פון דער ערד צי לבנהשער קרקע ?
  — איך װייס ניט פּון װעמען. עס איז מיר פאַרווערט
  צו לייענען־ ב,װייס נאָר פון װאַנען איר בדענג דעט קאָנװערט.
  אַ קרירה איז דאָרטן, פאַרשפּליע די בלוזע.
  דער ברװוטרעגער נעפּל▯ אַװעק און איך קוש די טוזה.
                                 14
reading picture
building tuples
wide Glyphs
displaying
1974
אַ ווײַטע האָר טיילט ביידן אונדז פונאַנדער.
נאָר וועלן מיר זי איבערהאַקן, דעמאָלט
איז מער ניטאָ קיין שטח און קיין וואַנדער,
ניטאָ איז מער קיין מלאך און קיין דעמאָן.
אַ לויב צום לײַב פון שיכּורע געװעבן ▯
אָן מעסערטאַנץ, אָן שרעק, אָן קידער־ווידער,
וועט מער ניט שיטן זאַלץ די האַנט פון לעבן
אויף נאָגנדיקע וווּנדערס פון די גלידער־
אַ לויב צום בייזן גײַסט וואָס איז קאַפּאַבל
אַנטפּלעקן גליק און גליקלעך עס צעפערטלען
און פרײַלאָזן אַ הונגעריקן מבול,
אַ רעגן־בויגן זאָל אים שפּעטער צערטלען־
זאָל צונטערן אַ יום־טוב־שרעק אין ביידן'
ךי אויסגעבענקטע רו איז פּאָוועטינע.
אַ נאָנטקייט איז פאַראַן וואָס מוז צעשיידן'
צו ליב האָבן ביז לעצטן טראָפּן שינאה.
                      15
reading picture
building tuples
wide Glyphs
displaying
▯197
װער וועט בלײַבן, וואָט וועט בלײַבן ▯ בלײַבן וואָ אַ ווינט,
בלײַבן וועט די בלינדקייט פונעם ב▯נדן וואָס פאַרשווינדט.
בלײַבן וועט אַ סימן פונעם ים : אַ שנירל שוים,
בלײַבן וועט אַ וואָלקנדל פאַרהעפּעט אויף אַ בוים.
ווער וועט בלײַבן, װאָט וועט בלײַבן ▯ בלײַבן וועט אַ טראַף.
בראשיתדיק אַרויסצוגראָזן װידער זײַן באַשאַף.
בלײַבן װעט אַ פידלרויז לכּבוד זיך אַליין,
זיבן גראָזן פון די גראָזן וועלן זי פאַרשטיין.
הר פון אַלע שטערן אַזש פון צפון ביז אַהער,
בלײַבן וועט דער שטערן וואָס ער פאַלט אין סאַמע טרער.
שטענדיק וועט אַ טראָפּן ווײַן אויר בלײַבן אין זײַן קרוג.
ווער וועט בלײַבן ? גאָט וועט בלײַבן, איז דיר ניט גענוג ?
                            16
reading picture
building tuples
wide Glyphs
displaying
1974
דער שיכפּוצער אין פּאַרק א▯ ניט קיין שיכפּוצער־ ווער דען ?
אַ למד־וואָווניק, שטענדיק אַ פאַרשטעלטער
מ,זאָל מיינען אַז אַ שיכפּוצער אין פּאַרק. נאָר איך דערקען ▯
דער זקן איז אַזאַ וואָס ווערט ניט עלטער.
ט'דערקענט אים אויך אַ טרילער װאָט ער לערנט פלײַטיק טראָפּ,
נו, ווייטן מיר שוין בײדע : ער איז כּלומרשט
אַ שיכפּוצער. און ט'פאַלט אַ טריל פון שנעבעלע אַראָפּ,
ווי ס.װאָלט אַ קאַרש געפאַלן פונעט בוים ערשט.
און אַז איך שפּאַן דורך זײַטיקער אַלעע איט פאַרבײַ
צום ווינציקטטן אַזוי אַ יאָרן צוואַנציק,
דערזע איך פּנימער פון גאָלד און פּנימער פון בלײַ
און אויטגעשטרעקטע פיט צו מאַכן גלאַנציק.
זיי מיינען אַז דער זקן שטאַמט פון אַ געמיינעם שטאַם,
אַ סימן : ער איז טונקל, ניט־געוואַשן.
ער שקראָבעט זיי די בלאָטע און עס גיבן אַזש אַ פלאַם
די טויטע נעז פון שטיוול און קאַמאַשן.
און בלויז דער טרילער (אָדער זײַנס אַן אייניקל( און איר,
מיר װייסן ביידע זיכער, אָן מסתמאס :
דער שיכפּוצער איז דווקא ניט קיין שיכפּוצער פון שיך,
דאָס בערשטלט ער פּאַרשטויביקטע נשמות.
                            17
reading picture
building tuples
wide Glyphs
displaying
1974
צונויפגעװאַנדערט האָבן זיך די פינגער. און זיי קנעטן
פון חלוט־לייט, דאָס א▯ אַ לייט פּון אַנדערע פּלאַנעטן,
מײַן אויסלייזער. אַ קגעטעניש אי פּײַנלעך, אי טשיקאַװע :
אַזוי פון אָדמס ריפּ האָט זיך אַרויסגעקנאָטן חװה.
עלאַסטיש־בייגעוודיק די לייט. איך פיל אַן אויג. אַן אָרעם,
ס,געשטאַלטיקט זיך אַ װוּנדער אין זײַן װוּנדערלעכסטער פּאָרעם־
זײַן ריח איז פון האָניק א▯בער זשומענדיקער גריקע,
דורך זײַנע גלידער שווימט אַרוט דער מילכװעג' מײַן יניקה.
די קנעטעניש און רעטעניש געדויערט ביז באַגינען,
ב▯ וואַנען ס,קרייט דער מאָרגן־שטערן און ס,דערװאַכן ב▯נען.
ביז וואַנען ס,גלײַכט זיר אויס די ליניע צווישן גײַסט און חומר,
און מײַנע פינגער זענען בלויז די דענט פון זייער טרוימעד.
נאַר אַז דער מאָרגן־שטערן קרייט פון צװײטן מאָל צום װיטן,
צעשיטן זיך די גלידעד פּון מײַן אויסלייזער װי בליטן־
עס װאַנדערן אַװעק די למד־װאָװניקעס, די פינגער,
אַ לויב צו זיי : אַ גרויע האָר אַן איינציקע װערט יינגער▯
                             18
reading picture
building tuples
wide Glyphs
displaying
1974
                                    ▯
גוט־מאָרגן. פּיקהאָלץ, אויב חלילה האָסט ניט וואָס צו פּיקן,
דערשוועב אַהער און פּיק מיר אויס. מישטיינס געזאָגט, מײַן שכל
װאָס מענהנקינדער מיינען ־ אַן אַנטיקל פון אַנטיקן.
און וועדליק מײַן השגה א▯ ער װערט אַ האַלבן שמייכל.
דערשוועב צו מיר, באַשנאָבלטער, און זאַלב מיך פּאַד דײַן שוטה,
פאַרגין מיר די מתיקות פון דײַן ציינדלךיקן שנאָבל.
טימבאָלן זענען מײַנע טעג▯ פון חלום—לייט געבויטע,
נאָר איכ,ל דיך באַגעגענען מיט ברויט און זאַלץ און קנאָבל.
אַזוי פיל מלאך־המוותלעך פאַרברענגען אין מײַן קאָרע,
און יעדער מיט זײַן אויסגעפּרוּװטן סם און פײַל־און־בויגן.
זיי לאָקערן. זיי זענען תּמיד לעבעדיקע, װאָרע,
אַזאַ האָט זיכער דורכגעשאָסן דאַנטען ביידע אויגן.
דערשװעב צו מיר און פּיק זיי אויס דעם כּוח, זײַ אַ בריה.
איך דאַרף זיך נאָר פאַרוואַנדלען אין אַ קיגד פון זעקס צי זיבן,
איר דאַרף צעטרייסלען װערטער, זייער מאַכטיקע אימפּעריע,
איך דאַרף באַשאַפן אַנדערע, צו קאָנען אַנדערש ליבן.
                              19
reading picture
building tuples
wide Glyphs
displaying
▯197
באַשערט איז מיר צו זײַן אויף דר,ערד אַ רואה־ואינו־ניראה,
באַשערט צו זען ווי קורץ און אייביק איז דאָס לעבן. הינטער
אַ װאָלקן, ווייס איך. איז פאַראַן אַ קליינע טרער, פון אירע
שוואַרצאַפּלען פאַלט נאָך אַלץ דער זויבער פּון מײַן ערשטן װינטער.
די קליינע טרער איז פול מיט גרינע אותיות, נאַר צוט פאַלן,
זי בליצט אַצינד אַרויט מײַן זעקטטן צענדלינג־ זי, די קליינע.
זו וואָלקנט אויס אַ יענוועלטיקן מאַן, וואָס א▯ אַ בעלן
אַרײַנצוגיין צו ▯יר, װי איך אין אָװנט צו מײַן שכנה.
מײַן שכנה שלאָגט זיך דעמאָלט לאַנג על־חטא אויף די קלאַווישן
און ס'בלײַבט איר נאָך אויף מאָרגן און אויף איבער־איבער־א▯בער.
מײַן שכנה זעט ניט, אַז איך זע, אַז עמעץ קומט זיך מישן,
און ס,בײַסן אירע ציין מײַן שאָטן : ליבער־ליבער־ליבער.
דערנאָר, אַז וווּנדיק שלײַדערט זיך מײַן שאָטן אין איר דירה,
אַנטפּלעק איר מײַן פאַרהוילעניש, אַ טראָפּן טינט אין שפּיגל.
זי ווייט ניט אַז איר שכן איז אַ רואה־ואינו־ניראה
און אַז ער פליט אין שטורעם זעט ניט קיינער זײַנע פליגל.
                                20
reading picture
building tuples
wide Glyphs
displaying
1974
פאַראַן אַ בענטשנדיקע פרייד, זי איז מײַן פרייד אין לעבן.
א▯ן אויב ס'וועט עמעץ דרייען מיט אַ וואָנצע ־ מילא, זאָל ער :
דאָט איז די פרייד פון געבן. געבן, געבן, זיר צעגעבן'
ווי הונגעריקן לײַוונט עס צעגיט זײַן פאַרב אַ מאָלער▯
באַשטענדיק זיך צעגעבן, זיך פאַרוואַנדלען אין אַ רעגן
צוזאַמען מיטן רעגן־בויגן זײַנעם און דער כמאַרע.
פאַרוואַנדלען זיך אין רעגן און צעשענקען מײַן פאַרמעגן,
בײַ איטלעכן זאָל אויפגרינען אַ פּיצעלע טאַהאַרע־
צו וואָס באַדאַרף איך אויסטערלישע ווערטער, גראַמען, קלאַנגען,
אַז אויטטאָן וויל איך אָפט מײַן הויט און שענקען זי אַ בעטלער ▯
אָ, גרויטע פרייד פון געבן, ווי עס גיבן פעלדער זאַנגען,
ב'װיל יעדערן װאָס געבן, חוץ דעם ציניקער און שפּעטלער—
פונאַנדערשענקען וויל איך מײַנע סודות און רמזים,
געהיימענישן, טונקלענישן, כּישוף. זאַבאַבאָנעס.
און אויב ס,וועט עמעץ וועלן זיי מגלה זײַן, איך לאָז אים,
אַבי די פרייד פון געבן, זיך צעגעבן אין מתנות.
                                 21
reading picture
building tuples
wide Glyphs
displaying
1974
קודלאַטער כלב — גורל, זאָלן לעבן דײַנע ציינער !
צערײַס, צעפליק, נאָר הז מיר ניט הכנעהדיק די לאַפּע—
אָן װוּנדן בין איך גאָרנישט. קיינער. װינציקער װי קיינער.
כ.װיל בעסער זײַן אַ שלאַכטפעלד און אַ טודותדיקע מאַפּע.
באַשפּילקעט איז די מאַפּע מיט מפּלות ▯ט צוט ציילן
און װײַט בײַם האָריזאָנט אין רעגן ברענען מײַנע גיטער.
קודלאַטער בּלב, בלויז די ציינעד דײַנע קאָנען היילן,
ווי קרײַטעכצער װאָס מאַכן זיס װאָס מער זיי זענען מטער.
די שפּילקעס היפּערן אין לײַב פּון אָװנט ביז באַגינען
און זאָגן אָן, אַז ערגעץ גרייט מײַן שונא אַן עלעגיע.
קודלאַטער בּלב. כ,האָב נאָך איין מפּלה צו געװינען,
און זיבן טראָפּנס גאָלד פאַרטרוי איר איצטעד מײַן סטראַטעגיע.
אין אַלע זיבן פּריזמעט זיו מײַן פּניט. יעדער טראָפּן.
אַרויסגעקײַקלט זיך מיט מזל, בלײַבט שוין אַ קאַפּויער.
כ,האָב ליב די װײַסע ציין פון שרעק צופוסן און צוקאָפּן'
צערײַס. צעפליק. נאָר קוש ניט מײַנע פּיאַטעס מיט באַדויער־..
                             ▯2
reading picture
building tuples
wide Glyphs
displaying
1974
דער יט־גאַלאָפּ, דער יט־גאַלאָפ — צו װאָט פאַרשלינגט עד מײַלן,
און וועמעס װילן קוילערט אים, ער זאָל צעוואַקלען זײַלן ▯
אַכיבע ס,איז אַ שפּיל אַזאַ, אַ שפּיצל פון באַשאַפער'
אַז בלײַבן זאָל אַ שנירל שויט פון מוראדיקן לאַפער.
אַזאַ מחשבה גורטעוועט קהלתדיק בײַ איינעט.
אַרויסגעש▯דערט אויפן זאַמדברעג מיט דער נאַכט אין איינעט.
און ווען עט בלעזלט זיך דער שויט אין שוימיקער אַגאָניע,
דער יט־גאַלאָפּ איז ווידער דאָ : אַ נאַקעטע סימפאָניע.
אַ נאַקעטע סימפאָניע אויפן דעק פּון יט געבוירן'
אַזוי װערט אויך דאָס לעבן אויפן דעק פון ים געבוירן.
אַ טעות, טראַכט דער מענטש' אויך שויט איז אייביקייט און דויער,
װי קלײַבט זיך עס אַרײַן דער גאַנצער ים אין קליינעט אויער ?
ט,דערנענטערט זיך אַ שטלקייט־װײַן פון אויפגעפּראַלטע שפּונטן'
און אויבן שווימט אַ װײַסע האַנט און ס,פאַלט איר אָפּשײַן אונטן.
אַ זכיה צו דערזען, דערפילן װי עט קומט אל גנאָד אָן,
און ביידע שלאָפן אײַן : דער יט־גאַלאָפּ און דעד בן־אָדט.
                               ▯2
reading picture
building tuples
wide Glyphs
displaying
1974
דער זעלביקער וואָס האָט געבענטשט, ער האָט מיך אויך געשאָלטן.
כ,נעם־אָן פאַר ליב די צװילינגשאַפט פון האָניק און פון עסיק.
אַ דאַנק פאַר בענטשן מיך מיט פרײַנד. אָן זייער כוח וואָלטן
בײַנאַנד מיט מיר די ווערטער מײַנע אויסגעצאַנקט מעת־לעתיק.
פאַר מײַנעטװעגן מאָלן זיי און האַמערן און קנעטן.
פּאַר מײַנעטוועגן קײַקלען זײ אַראָפּ פון האַרץ פּאָעמעס.
אָ, מײַנע איכן זענען זיי, די מאָלער און פּאָעטן,
און זײער איך בין איך, אַפילו אַז איך װייס ניט וועמעס.
פּאַר זייערטװעגן האָב איך װען געזונגען אין אַן אָרון,
פאַר זייערטוועגן האַלט איך נאָך מלחמה פאַר אַ קאָמע.
און שטאַרבן זיי' ערשט יעמאָלט ווערן מײַנע פּרײַנד געבאָרן
אין גרינער קינדערוויג פון מײַן צעהוידעטער נשמה.
פאַר מײַנעטװעגן װאַרעמען זיי אָן די קאַלטע שטערן,
פאַר מײַנעטוועגן שפּילן זיי : אַ פידל צי אַ טשעלאָ
דערלאַנגט פּון זיך אַ קוואַל אַרויס מיט שימחה מײַנע טרערן.
פּאַר זייערטוועגן שרײַב איך די־אָ שורות. אָמן־סלה.
                                24
reading picture
building tuples
wide Glyphs
displaying
▯▯ר ▯ ▯
▯
▯'▯0.7210.721▯(
reading picture
reading picture
building tuples
wide Glyphs
displaying
1975
 אַ שווערער עפּל ציט אַראָפּ אַ פולן צווײַג מיט זומער,
  פון דר,ערד װאַקסט אויס אַ דלאָגיע, ער זאָל װיסן װוּ צו פאַלן־
 אַזוי, נשמה, נייגטטו זיך אַלץ נידעריקער, שטומער,
 געלאָדן שווער מיט זאַפט און צײַט און יוידנדיקע שטראַלן.
 ביטט אויך אַ פּרי אויף אַ צווײַג' אין פּרדס פון דײַן היטער,
 אומזעעוודיק ווי דער װאָס האָט דיך זעעװדיק באַשאַפן.
 און ערגעץ װיינט אַ קינד אין װיג און כליפּעט זיס־און־ביטער.
 אַלמאַי אַזאַ נשמה קאָן קיין אַנדערער גיט שאַפן.
 דער שווערער עפּל שפּילט זיך נאָו אַ רגע מיט זײַן שאָטן.
 עס רײַט פאַרבײַ אַ װאָלקן דאָן־קיכאָטיש' מיט אַ פּיקע,
 װען אונטער גראָז, אַ גאַנצע נאַכט פון רעגנפיס געטראָטן,
 די װאָרצלען יאָגן אין גאַלאָפּ צו ציִען די יניקה.
 און אַז דו װעסט זיך אָפּרײַסן פון צווײַג, אַהינטער נעפּל,
 מיט זאַפט און צײַט און יױרנדיקע שטראַלן שװער געלאָדן'
 דערמאָן זיך ווי דעט זומער ציט אַראָפּ אַ שװערער עפּל
 און אַז בײַט פאַלן ירשנט אש אַ דלאָניע פונעט באָדן.
                               27
reading picture
building tuples
wide Glyphs
displaying
1975
און אויב אַן איינציקער פּאַרלאַנג א▯ גילטיק אויף מײַן קאָנטע.
אַזאַ איז ער מײַן איינציקער, איך װעל איט ניט פאַרבאָרגן
און זאָלן מוחל זײַן פאַרלאַנגען ווײַטע אָדער נאָנטע :
אַ רגע בלויז... איר וויל דערזען דאָס בלימעלע פון מאָרגן.
אַזו▯ למשל, װי איך האָב געהאַט אַ מאָל די זכיה
דעם נעכטן מײַנעם צו דערזען דורך שטראָמענדיקע פונקען
אין קעסלגרוג ווען כ,האָב זיך פײַן געטרונקען אין וויליע
און אויך די טרערן מײַנע האָבן אײַליק זיך געטרונקען.
אַזוי. למשל, ווי ס'דערזעט אַן אָדלער הינטער סקאַלעס
און רויִק איז מקנא אים אַ זקן אין זײַן וואַנדער.
מײַן איינציקער פאַרלאַנג איז צו דעם איינציקן : התגלות
פון מאָרגן. מאָרגן. איידער ט,פאַלט די איצטיקייט פונאַנדער.
און אַז ער וועט מיך זאַלבן אין זײַן גנאָד מיט זײַנע טויען,
דערקענען וועל איך שוין דעם פרילינג װעדליק ערשטן בלימל.
נאָר קיינעם װעל איך שפּעטער מײַן דערזעונג ניט פאַרטרויען,
אַחוץ אַ הויפן ערד, אַ הויפן הימל.
                                28
reading picture
building tuples
wide Glyphs
displaying
1975
צי בליט אַ דאָרן אין דער לופטן ▯ יאָ, עט בליט אַ דאָרן,
בײַנאַנד מיט אים ־ אַ ווידערקול אין טורמע פון זכּרון :
דערפאַר ווײַל האָטט מיך ניט באַפרײַט פון דאָרנדיקער קראַטע,
באַשערט איז דיר אַן אַנדער לופט, אַ דאָרנלופט לעת־עתה.
געפאַנגען אַלץ אין דײַן זכּרון, קאָנטטו אויך ניט פרײַ זײַן,
דער שײַטער־הויפן טליעט נאָך און ס,פרירט איט ניט קיין אײַז אײַן.
צעשפּאָלטן איז מײַן שאַרבן ווי אַ טאָפּ צי ווי אַ טעלער
און כ'ווײס : דער מערדער זשליאָקעט ביר אין אַלט־באַקאַנטן קעלער.
ניט מיין, ס,איז אויפן לעבעדיקן בלויז אַ גאָטס רחמנות
און בלויז די זונוועלט איז געמישט פון טויבן און וואָראָנעס.
קוים ווערט אַ מענטש געבוירן, בלײַבט שוין ערגעץ זײַן שוואַרצאַפל
און טויטערהייט, ער איז נאָך מיטז לעבן זיך מטפּל.
דו האָטט געטאָן אַ נדר און דעם נדר ניט געהאַלטן,
אַן עדות איז דאָס וואָרט נקמה. האָסט אים ניט געהאַלטן.
כ'וועל תּפילה טאָן צום רעגן ער זאָל אָפּשווענקען די פּליאַמע,
דערמאָנסטו זיך דאָט קול ▯ איך בין געווען און בין דײַן מאַמע.
                                  29
reading picture
building tuples
wide Glyphs
displaying
1975
פון ביכער־טאָװלען צװיי און צװי▯ געאָרעמט און געװינקלט,
כ,האָב אייגנהאַנטיק, אייגנהאַרציק אויטגעבוש אַ קאַמער
פון אומבאַקאַנטע װערטער, קויט באַלויכטן און באַשפּרינקלט,
און אויטער דעם רשות פון טויזנטאויגיקן פאַרסמער.
אַ קרעטמעלע אין װילדן וואַלד... פון זיר אַליין באַהאַלט▯
באַהאַלטן אויו פון מעשענעט אָרקעסטער אין די בו▯עס.
אַהער גענענען איינציקװײַז די טײַערסטע געשטאַלטן,
פאַרלוירן אין דעו אייביקייט, און זייערע זכרונות־
פּאַראַן א▯ װאַלד אַדעלכע מימער וואָס געבוירן פייגל,
אַ רעגן איז פּאַראַן מ▯ז בריװ צו מתיט אין דער נידער־
פאַראַן אַ בלום װאָס רײטלט זיך װען עמעץ װאַרפט אַן אייגל
פון צװישן לופט־און־גראָז אויף אירע לײַכט־אַנטבלו▯טע גלידער.
זיי אַלע קומען אין מײַן פּיצל קרעטשמעלע און ברענגען
באַגלישנדיקע ב▯מש פון אַ נאַבטיקן מחלו▯
און ס,בלײַבט נאָד אַלץ אַ פּוסטעניש פאַר ברייטן און פאַר לענגען
און ס,װעט זיו נאָר געפינען אַ געלעגער פאַר אַ מלאך.
                             0▯
reading picture
building tuples
wide Glyphs
displaying
               1975
               פאַרהוילן א▯ פון דיר דער זינען פון געהיימװאָרט : גורל,
               זײַן אַדרעס אויף דער גאַנצער ערדקויל וועטטו ניט געפינען.
               און איך, אַן אָפּגעזונדערטער, פאַרמאָג אַזאַ מנורל
               אים אויסצוזוכן אין אַ נאַכט וואָס האָט ניט קיין באַגינען.
▯              אים אויסצוזוכן און דײַן גורל בעטן אָדער צװינגע▯
               גן־עדן—סט אַרײַנצוגליִען אין דײַן חלומס בעכער,
               צעשמאָלצן זאָלן ווערן יענע זשאַווערדיקע רינגען
               וואָט האַלטן דיך געפאַנגען אין דײַן הייט, װי אַ פאַרברעכער.
               ווי קינדער ערשט—געבוירענע, ס'האָט ווער א▯ אַ מהומה
               אַזוי פּאַרביטן צװיי גורלות ענלעכע. זיי זענען
               געוואַקסן קידער־װידערדיק. פון שטעגן־װעגן קרומע
               כ,וועל ברענגען דיר דײַן אמתן און דו וועסט איט דערקענען.
               דו זוניק לעבן. שוין צעפליקט פון גורל־וואָלף אויף שטיקער,
               אַ צווייטער װעט דיך וואַרעמען, דיך וואָרענען. באַשיצן.
               דער צווייטער וועט פאַרזוכן דײַן געװיין און װערן שיכּור
               און ציען וועט אַ זומער־וואָלקן לאַכנדיק מיט בליצן.
                                               31
reading picture
building tuples
wide Glyphs
displaying
1975
בײַ טאָג אַ לוויה' בײַ נאַכט אַ קאָנצערט
און קומען טײַ דאָרטן סײַ דאָ איז באַשערט.
באַשערט אַ קאָראָמיסל אויפן געניק :
צוויי פולינקע עמערס מיט אומגליק און גליק.
אַז ליידיק װאָלט הענגען אַן עמער, קאָן זײַן
דער צװייטער װאָלט קיין מאָל קיין פולער ניט זײַן.
די זאַלץ װאָלט ניט פילן איר טעם און זי װאָלט
פאַר זאַלצעלעך זיבן אַן אוצר באַצאָלט.
און ט,ליכט וואָלט געוואָרן אין קנייטשן און קראַנק
װען ס,װאָלט ניט אַ שאָטן אים זײַן אַ געטראַנק.
בײַ טאָג אַ לװיה, בײַ נאַכט אַ קאַנצערט
און קומען סײַ דאָרטן סײַ דאָ איז באַשערט—
און פילן דעט זיווג פון ערד און מוזיק ▯
די פולינקע עמערס פון אומגליק און גליק.
                        32
reading picture
building tuples
wide Glyphs
displaying
צוזאַמען־צוזאַמען דער דאָרטן און דאָ
און ס,בייגט זיך אַ שטראַל צו דערשווינ▯ען צום דנאָ.
אַזאַ איז די שײַכות פון קאָסע און זאַנג,
אַזאַ איז די איינהייט פון פידלער און קלאַנג.
אַזוי איז פאַרברידערט ג ע ו ו ע ן און פ אַ ר אַ ן ,
אַזוי איז פאַרגלידערט אַ פרוי מיט אַ מאַן.
                          ▯3
reading picture
building tuples
wide Glyphs
displaying
▯197
דערקלערן ? ווי אַזוי דערקלערן ?
די זון א▯ ניט געוואָרן קעלטער,
נאָר שמעלצן קאָן זי ניט קיין טרערן
און בלויז די קינדהייט ווערט ניט עלטער.
איר ברודער יוגנט איז צעטראָטן
ווי רויטע װײַנטרויבן אין קעלטער—
שוין זילבערן די האָר בײַט שאָטן
און בלו▯ די קינדהייט װעדט ניט עלטער.
די שנייען אירע און פיאַלקעס
באַקומסטו ניט פאַר אַלע געלטער־
ס,ווערט אַלט איר קיניג און זײַן מלבות
און בלויז די קינדהייט װערט ניט עלטער־
                   34
reading picture
building tuples
wide Glyphs
displaying
1975
די לייט פון צײַט איז ווייך געוואָרן. ט'גייט שוין אויף די קנעטעניש
פון זונפאַרגאַנג נאָך זונפאַרגאַנג. עס װערט שוין באַלד געשפּאָלטן
אַ זעמדעלע אין חלום צו צעטרייבערן אַ רעטעניש,
און בלויז ר סאָווע פּלאַנכעט פון אַ זילבערלעכן קאָלטן.
די מתיט זענען לאַנג שוין אויפגעשטאַנען ▯ זענען האַטטיק
אַנטרונען דאָ פון יענער—װעלט, פון הויקערדיקעד משא
און מאַכן יאָגאַ, שפּילן שאָך און זענען פרײַ און גאַסטיק,
באַלעגערן די אָפּערע און פּיקן אויט איר קאַסע.
געדענקט נאָר עמעץ ווער עס האָט צעריסן זײַנע גלידער ?
צו װאַקלדיק און שוואַך די ציין מע זאָל אַזוינס צעקײַען־
די מתיט האָבן ליב אַבסטראַקטע קונסט און קיךער־וויךער,
אַנשטאָט אַ קין־צייכן טראָגט אַ הבל־צייכן קין־
            ־                               ־
און בלויז אַ בלינדער זעער ביזן אָפּגרונט אַ צעשונדענער,
אַ קדמונדיקער גביא וואָס איז קיין מאָל ניט געשטאָרבן
און קיינער ווייס ניט : קײַקלט ער דעט חושך, איז די זון דען ער ▯ —
לויפט אויטלייזן פון תּהוט צו תהוט די שמייכלען פונעם קרבן.
                                 35
reading picture
building tuples
wide Glyphs
displaying
1975
אַ שלאַנג אַן אומגעזעענע האָט סט אַ פולע דאָזע
אַרײַנגענאָדלט זיט אין מײַנע אָדערן לאַנגאָניק,
אַז איבער מיר ךי שטערן זאָל ניט שלײַפן מער שפּינאָזע
און תּמיד זאָל אַ טראָפּן גאַל זיך בלעזלען אין מײַן האָניק.
נאָר דעמאָלט האָט אַ קעגן־סט, אַן עליקסיר פּון קלאַנגען,
אַ לאָז געטאָן זיך אינעווייניק צו באַהערשן יענעט,
אַז בעטלען זאָל דער שׁונא גנאָד בײַט פירן אים געפאַנגען
און אויפהייבן די לאַפּעס אונטערטעניק זאָל דאָס גיהנוט.
פּאַרלוירן צי געוווּנען ▯ ט,איז געבליבן לזכּרון
אַ ▯ נעדעלע אין מיר ▯ און ווען עס גיט אַ שטאָך, אַ גראַבל,
פאַרװאַנדלען זיך אין אויערן די אויסגעצאַנקטע יאָרן
און הערן פון אַן איילבערטבלעטל דאָס געװיין פון מבול.
פאַרוואַנדלען וועל איך צײַט אין רוחניות. אָט איז מײַן אידעע ▯
פּאַרוואַנדלען וועל איך טויט אין לעבן ▯ איך, דער לאַנג־פאַרלענדטער.
פאַרוואַנדלען וועל איר גראָזן אין אַ קאָסמישער אַלעע,
פּאַרוואַנדלען וועל איך זיך אַליין, אין מענה וואָס מיר איז נענטער.
                                36
reading picture
building tuples
wide Glyphs
displaying
1975
ךער פידלשפילער שפילט און ווערט אַלץ דינער, דין און דינער,
שוין דינער פונעם פיךל־בויגן, דינער פון אַ סטרונע.
אַנשטאָט איר האַר, די פידל שפּילט אַליין אַלץ דינער, דינער,
און אויף אַ ווײַסן שײַטער ברענט איר האַר פאַר זײַן אמונה.
די פידל שפּילט אַצינד אַליין אַלץ דינער, דין און דינער,
דער פידלשפּילער קאָן איר קיין טרונק וואַסער ניט דערלאַנגען▯
אַליין די קלאַנגען שפּילן און זיי שפּילן דינער, דינער,
ביז וואַנען אויפן שײַטער גליען קלאַנגען, גליען קלאַנגען.
עט גליען קלאַנגען אויפן שײַטער, גליען דין און דינער,
שוין שפּילט אַליין די פינצטערניש אָן פידל און אָן בויגן.
זי שפּילט אָן קלאַנגען און איר שפילן ־ דינער, דינער, דינער,
ביז וואַנען מיר צעפינקלען זיך אין אירע שוואַרצע אויגן.
אָ, פינצטערניש, פאַר וועמען שפּילסטו דינער, דין און דינער,
פאַר אונדז, די קליינע טרערן ▯ איז באַשערט אונדז דײַנע גנאָדן ?
מוזיק פון טרערן. קליינע טרערן. דינער, דינער, דינער,
צוזאַמען מיטן װײַסן שײַטער און דעם שוואַרצן באָדן.
                                   37
reading picture
building tuples
wide Glyphs
displaying
1975
כּתב־ידן פון חבריט, דער נשמהס טינט און פּראַצע.
קאָנווערטן. בריוו. צוריקאַדרעסן בלויז אויף די קאָנווערטן.
און בריוו געבאַקענע אין פײַער, קרישלדיק װי מצה.
און זײַדפּאַפּיר ווי גלאַטיק לײַב צוט איינציקן' באַשעדטן ־
בײַם צערטלען אײַך, בײַם לייענען װערט יעדער בלעטל עגלעך
צום פּניט דעם געוועזענעט געבויגן איבער טישן.
און אויך דאָס וואָלקנדל אין טרער א▯ אייגן און דערקענלעך
און אויך די האַנט בײַם זייען שוואַרץ־און—ווײַס, ווי אויף קלאַװישן.
אַ שורה זיגלט זיו פונאַנדער און עס בליט אַ זומער,
אַ נאָמען' װי אין װינט אַ מאָנבלוט, רייטלט זיך מיט יונגשאַפט.
כ,קאָן ענטפערן. ס,איז דאָ די גאַס, פאַראַן איז אויך דער נומער.
און צװישן װאָרט און װאָרט אַ שװײַגן, װאָס די האַנט און צונג שאַפט.
אַזוי זעט אויס אַ בראַנפנדיקער נעפּל, דעל און כמאַרנע,
באַגינען אין אַ סאָד, אַז גאָרניט זעט,ן גאָרניט הערט,ן ▯
ביז נאַטע קרוינדלעך נעמען פינקלען איבער קאַרש און באַדנע
און איך דערקען די נאַטע שמייכלען איבעד די קאָנװעדטן.
                                8▯
reading picture
building tuples
wide Glyphs
displaying
975▯
ניטאָ ךי גרינע אויגנפּאָר פון לאַנג—לאַנג־לאַנג. ךי גרינע
װי יאָדלעוואַלד. נאָר קוים איך זע די אויגן, איז אַ סימן :
זיי זעען מיר. און יאָדלע—צווײַגן־גרין איז אויר מײַן קינאה
צו גײַטטער אויסגעהונגערטע, צו קלאַנגען און צו שטימען.
ווען גאָט וואָלט בלויז באַשאַפן זייער גרין דאָס טונקל־גרינע,
ער וואָלט געווען דער זעלבער גאָט. װי קאָנען זיי ניט—װערן ?
איך בלאָנדזשע אין אַ וואַלד : עס ברענט די זון אין פּאָוועטינע,
פון גרינע היילן שורשען צװישן וואָרצלען גריגע טרערן.
וןען די אָ גרינע אויגנפּאָר וואָלט אונטערגיין אויף אייביק.
אַנשטאָט אַן אייביק וואָלטן זײַן צעווערעמטע סעקוגדן.
איך בלאָנדזשע אין אַ וואַלד : ט,איז נאַכט. אַ װאָרצל שלאָגט נאָך גליימק,
די זון אין פּאָוועטינע איז נאָך אַלץ דאָ ניט פאַרשװוּנדן.
זיי זעען מיך, די טונקל־גרינע' וואַרטן אויף אַ סימן,
זיי צענירן בײַנאַנד מיט זייער פּנים וויזאַווי מיר־
און שורשענדיקע טרערן פון די גרינע היילן שװימען
אַרײַן אין מײַנע זעונגען און לאָזן זייער גלי מיר.
                                   39
reading picture
building tuples
wide Glyphs
displaying
1975
מיט יעדער נײַעם דונער װאָס דו האָסט מיר פרײַ געשאָנקען,
געשאָנקען האָסטו מ▯ר אַ נאַסן בליץ פאַר אַ באַגלייטער
צז▯ לינדערן די ליידן, צו באַגראָזן און באַלאָנקען
מײַן אָפּגעברענטן אַלף־מת. נשאָ צו איט קיין צווייטער.
און וואָרהאַפטיק, דײַן בליץ איז ניט געװאָרן פריער נעלם
קוים האָט ער ניט באַלויכטן מײַנע שׁונאיט, די שאַקאַלן.
און לאָקערדיקע שדימלעך אין פּאַנצער און אין העלעם ג
זיי האָבן זיך פּאָסמאַקעוועט פאָרויס מיט מײַנע שטראַלן.
דײַן בליץ באַלויכט מײַן פינצטערניש, דײַן בליץ באַלויכט מײַן פײַער,
אַ שאָטן אָנגעכאַפּט בײַמ האַלדז — ער זאַלבט אים פאַר אַ ווײַסן.
דײַן בליץ באַלויכט אַ ווערעמל, אַ קראָ, פּאַפּיר—און־בלײַער
און אויך דעם טויזנטאויגיקן' דעם טאַפּענדיקן כּעסן.
דערקענטעניש פון בליץ און דונער, ביידע זענען אייניק.
ס,באַלויכט דער בליץ די וווּנדן וואָס דער דונער האָט געבוירן▯
און ביידע זענען הונגעריק און פאַר מײַן הונגער װייניק :
דער אָפּגעברענטער אַלף־בית נעט ווידער יוירן. יוירן.
                                40
reading picture
building tuples
wide Glyphs
displaying
1975
נאָך וואָס און וועמען בענקסטו ? — כ,בענק נאָך גאָרנישט ניט, נאָך קיינעם'
פאַרשלונגען איז אין גאָרנישט אַלץ. און אַלץ איז מײַן פאַמיליע.
נאָך איינס אַ יאַטל בענק איך צווישן קאַרשנמימער־שכנים :
צעטרייסלען קאָן ער מיט אַ שטיין אין ברונעם אַן אידיליע.
און ווײַטער ▯ ־ נאָך מזוזהדיקע בינען. די וואָס בײַסן
מחיהדיק, אַנשטאָט אַליין אַ קוש צו טאָן די פינגער.
באַגאַנגען זענען זיי אַ זינד און גאָרניט אויף צו פלײַסן :
אַ יאַגדע צוגערויבט אין װאַלד בײַ פייגעלעך, בײַ זינגער.
און ווײַטער ▯ — נאָכן שליסל אינעם ים, אויף זײַנע דנאָען .
פאַרלוירן האָט אים דאָרטן בעתן וועלטבאַשאַף דער מײַטטער.
און ווײַטער בענק איך נאָך אַ צײַט וואָס האָט נ▯ט מער קיין שעהען,
צעטרענצלט האָב איך זיי, ווי אַ מאַגנאַט אַ פולן טײַטטער.
איך בענק נאָך גאָרנישט ניט. נאָך קיינעם. הינטער יענער הילע
בלויאויגיק בליען ווערטער און עס לעבט אין זיי אַ רעגן.
און צווישן מיר און זיי אַ תהום. און ביידע טוען תפילה :
אַ דעגן־בויגן זאָל פון תּהום דערנענטערן די ברעגן.
                                      41
reading picture
building tuples
wide Glyphs
displaying
1975
דו ציטעריקע כוואַליע אויפן ברעג פון יט־התּיכון.
דערצייל מיר ניט אַז ביסט אַ כוואַליע, בלאָז און ראָז און גסיסה.
געהערטט צו מיר. דו ביסט אַן איינס פּון מײַן געזעמל איכן'
לפּניט האָסטו זיך פאַרשטעלט : אַ כװאַליע אַן אַקטריסע.
אַזוי פיל כװאַליעס. צו קיין איינער ביסטו ניט געגליכן
און װאָלט אַ דעמאָן שמידן דיך אין קײטן, אַ געשמידטע
געקומען וואָלסטו קניען אויפן מעג פון יט־התּיכון,
ווײַל בלויז מײַן שווײַגן־צו־די־הימלען האָט אויף דיר אַ שליטה.
אַרויסגעחלומט האָב איך דיך פון קבר דו זאָלסט בדענגען
פון בליענדיקן עץ־החייט זיבן גרינע בלעטלעו▯
און איצטער ביסטו אויסגעלייזט פון ברישן און פון לענגען
און אייביק לעבן ברענגסטו מיר גן־עדנדיק און געטלעך.
אַרײַנטאָן װעל איך עס צו זיך אין גאָרטן ג עס אַרײַנטאָן
אין ליפּן אויפגעשניטענע, דער צער זאָל ווערן לינדער,
און זען אַ זעונג ווי דער מאָרגן טוט זיך אינעם הײַנט אָן
און ט,טיילן זיך מיט מײַנע ליפּן קינדער און קינדסקינדער.
                               42
reading picture
building tuples
wide Glyphs
displaying
1975
אַ מירטן־ריח האָט געפירט מיר פאַר דער האַנט אין צפתער
געבערג. דערפירט מיך צו אַ הייל ▯ איך האָב אין איר געפונען
אַ שלאָפנדיקן רעגן—בויגן בײַ אַ קוואַליק וואַסער :
עס ציען זיך אַהער די װאָרצלען פון פאַרשטויבטע זונען.
כ.וואָלט מעגן אויסטאָן מײַנע שיך, נאָר האַנטיק צו באַרירן
דעם שלאָפנדיקן רעגן־בויגן איז געווען אַ העזה :
צערונען זענען טרעריק זײַנע זעלטנסטע קאָלירן.
קויט האָט ער אויפגעוואַכט און בלויז אַ בײַט געטאָן די פּאָזע.
די צינגעלעך אין וואָרצל־העלדזער — אָפּגענאַרט און טרוקן,
פאַרשטויבטע זונען װעלן אויסגיין דאָרשטיקע, אָן טראָפּנס.
אַ רעגן־בויגן אויפװעקן פון חלום איז מסוכּן,
די שטילקייט מעג בלויז צוויטשערן אין הייל בײַ זײַן צוקאָפּנס־
אַזוי וועט אויך געשען אַז עמעץ װעט דיך װען געפינען
אין הייל פון דײַן פאַרלוירנקייט צו אײַנשטלן אַ נײַגער :
אַ הענגל סודות וועט אַראָפּ פון זינגען און פון זינען
און וועסט ניט וויסן פּון דײַן איך, דעט דימעגטענעם שווײַגער.
                               43
reading picture
building tuples
wide Glyphs
displaying
1975
פאַראַן אַן אויסטערלישער טעט, פון מילגװשזאַפט באַטעמטער
און אויך פון װײַנטרויבן אין מידבר ווען אָן שאָטן פלאַמט ער :
בשעת אַ רעגן קוילערט זיר אין רויטן שטויב פון שטעגלעך
און אויף ירושלים־בערג פאַרזוכן איט איז מעגלעך.
אַיעדער שטויבל ווערט אַ פּרי אַ קדמוניש־היגע.
אַ פּרי פונעם הימל און דער ערד, אַזאַ מזיגה▯
און אַז דו מאַכטט אַ ברבה און פאַרזיגלסט זי מיט ליפּן,
פאַרקניפּן וועט זי דיך מיט הימל און מיט ערד פּאַרקניפּן.
ווי זידנדיקע מילך לויפט אויס אַ װאָלקן ▯ און אַ צווייטער
גינגאָלדיק נידערט אויפן רעגנס הענגענדיקן לײטער.
עס קנעטן שטראָמען שטיקער פעלדז מיט מבולשער דינאַמיק,
נאָר גאָרנישט איז אַזוי ווי שטויב אין רעגן פריש און טעמיק▯
פאַראַן אַ טעט פון חלום (צו אַ גומען קויט דערגאַנגען▯,
פאַראַן אַ היילנדיקער טעט פון גאָט־געבענטשטע קלאַנגען ▯
דער טעם פון שטויב אין רעגן איז פון מילגרוימזאַפט באַטעמטער
און אויך פון װײַנטרויבן אין מידבר ווען אָן שאָטן פלאַמט ער.
                                  44
reading picture
building tuples
wide Glyphs
displaying
1975
לויפנדיקע מוסקלען פונעם טויט אין מידבר : דיונעס,
אונטער זיי אַ שערבלעניש פון קרוינען און אמונות.
נאַכט אין מידבר.
מידבר איז די נאַכט.
אויטגעברענטער אָטעם פון ךי שטערן זייער וועכטער▯
עמעץ לאַכט,
עמעץ לאַכט
אַ קאָסמיש געלעכטער.
ס'לאַכן קוילערט זיך. אַ קוילער
נאָך אַ קוילער און צוריק,
אימהדיקער, נאַקעט־הוילער,
מיט אַ מידבר־קאַץ אין בליק.
לאַכט עס פון באַשאַף דעם בוראס,
לאַכט עס גאָט פון זײַן באַשאַף ?
זײַ אַ חכם ווער געווויר עס
און צערײַס דעם לעצטן דף.
עמעץ לאַכט
פון זײַן אייגן געלעכטער.
                          45
reading picture
building tuples
wide Glyphs
displaying
1975
ווי אַלט זײַט איר, גראָזן ?
צוט איינס פונעט איינציקן
װיפל געסיליעטע נולן
אויף גאָר דער יבשה ?
מערער פון אײַך אין דער צאָל
אָדער װינציקער־ווייניקער ?
אַצינד, ווען ס,דערלאַנגט אײַך דער יט־ווינט
אַ שנעל, אַ צעפּלאָשע,
געדולדיקער קאָן מען אײַו ציילן
און בלײַבן אַלייניקער.
אַנדערע מענהן און אַנדערע צמחים
אַוווּ נאָר עס האָט מיך פאַרזעגלט דער יט־װינט.
בלו▯ א י ר זײַט געבל▯בן די זעלביקע גראָזן
אונטער האָגל און פײַער.
האָגל און פײַער.
ט,האָט אײַך ניט קאָסע צעשניטן,
דונער — צעשטויסן,
און אײַער נשמה־קאָליר איז געבליבן פון דרויסן.
װי אַלט זײַט איר. גראָזן ?
אַצינד אויף מײַן אָוונט־שפּאַציר
לאָמיך ווערן אַ טרעפער :
עלטער פון מיר און מײַן צונגיקער שאלה,
אַ קאַפּעלע יינגער פון אײַער באַשעפער.
                    46
reading picture
building tuples
wide Glyphs
displaying
1975
די לאָפּעטע לייט אויף דער שמאָלינקער קרקע
זעט אויס װי זײַן מאַנטל, ווי זײַן מאַרינאַרקע.
צעפלויגן געווען, האָט פאַרגעטן זיר אָנטאָן.
אַ רגע. דער מאַן וועט זיך באַלד אַ דערמאָן טאָן.
ער װיל זיך דערמאָנען, עס מאָנען די בגדיט,
אַ ווײַטע נטיעה־ זיי זענען אַ שאָד איט.
אַ רגע. נאָר וווּ א▯ אַנטרונען די רגע ?
פאַרראַטן. זי האָט דיר פאַרראַטן. קאָלעגע.
רויטפיסלדיק היפּערט זי דאָ צווישן צווײַגן,
די גילדענע צווײַגן פון גילדענעם שווײַגן.
און צווישן די אַלע באַגלייטער. באַװיינער,
איט שענקען אַ רגע דערלויבט זיך ניט קיינער.
                        47
reading picture
building tuples
wide Glyphs
displaying
1975
צו וועמען געהער איך ▯ צו דיר און צו מיר
און איבער אונדז ביידן דעם שטערן.
צוזאַמען איז דרײַ. נאָר אַװוּ איז דער פ י ר
צו וועמען מיר מוזן געהערן ?
עס װאָלטן די דרײַ ניט געשפּילט זאַלבע דריט
אין לעבן, אין טויט און אין ווערטער
און ס,װאָלטן זיך אָפּשטעלן אונדזערע טריט
ווען ס'וואָלט זיי ניט בענטשן דער פערטער.
צו וועמען געהער איך ? צום גאָרנישט און גאָר,
צו דיר און צו מיר און צו קיינעם.
און בלויז װען באַזונדער איך צייל דײַנע האָר
געהער איך צו אַלע אין איינעם.
                       48
reading picture
building tuples
wide Glyphs
displaying
1975־76
דײַן לייטער איז דאָך אינעווייניק, אין־דיר איז דײַן לייטער,
אַבי דו האָסט געמיינט אַז דרויסן, אָנגעלענט אָן בוידעם,
און אַז דער ערשטער קלעטערער קאָן אָנקומען דער צווייטער,
אַנשטאָט דעם ערשטן קאָן דער צווייטער אויפהייבן זיך קודם.
אומזיסט געווען צו מיינען און פאַרוואָלקענען שוואַרצאַפּלען :
זעקספליגלדיקע ווערטער זענען גרייט אויף זײַנע שטאַפלען.
און איינט פון זיי רירט־אָן דײַן דיך בײַם ראַנגלען זיך, בײַם צאַפּלען,
אַז בלײַבן זאָלסטו הינקעדיק בײַם שטײַגן אויף די שטאַפּלען.
זײַ הינקעדיק נאָר לאָז ניט אָפּ די ליניע פון דער שלמות,
דײַן לייטער וועט ניט אײַנפאַלן פון ערדישן געציטער.
ניטאָ קיין שטערן אין דער נאַכט, נאָר ברענענדיקע שמות,
ניטאָ קיין צווייטער, ביסט אַליין דער צווייטער און דער דריטער.
אין דיר, אַ לעבעדיקער אָטעם אין אַ טאָל מיט ביינער,
אַחוץ דײַן אָטעם קאָן זיי ניט צום לעבן ברענגען קיינער.
אין דיר, ס'געוויין פון ערב שטורעם און די ים־לופט נאָכן.
דער פוילנדיקער יאָדער און זײַן מאָרגנבוימס נצחון.
                                   49
reading picture
building tuples
wide Glyphs
displaying
1975—76
צי ראַנגלט זיך אַ מלאו מש אַ גיהנומדיק פּאַרזעעגיש ?
ד▯▯ס ברענט אַ בויט ▯ דאָט קאָרמעט ער און שענקט נאָך זײַנע רינגען
ד▯▯ט פײַער, אַז דאָט פײַער זאָל אים דאָרשטיקער פאַרשלינגען.
...און פּלוצעט זע איך פון דער ווײַט אַ זעעניש :
אַ▯▯יין איך בין דער ברענענדיקער בויט־ איך ברען און קאָרמע
ד▯בם פײַער מיט מײַן אייגן לײַב' אַ האָרמע נאָך אַ האָרמע.
ע▯▯ ברענען מײַנע וואָרצלען־ ט,ברענט מײַן קרוין. עס ברענט מײַן זינגער
און לעצטע צװײַגן וואַרף־איך—צו דעט פײַער' מײַן פאַרשלינגער.
נ▯▯ר איידער כ,ווער אַ האָלאָוועשקע, נעמט מיו דאַרט באַשיצן
אַן▯ אַנדער פײַער : דאָס געבענטשטע פײַער פון די בליצן
אין וואָלקנװאַלד. אַ גרעזעלע צעוויינט זיך ווי אַ ביבער
אזן ט,קערן זיך די ברינעמער פון הימל דרײַ מאָל איבער.
אַ יוט־טוב און אַ רעגן־וווּנדער : בײַ אַ שװעל אַ זײַטיקן
ד▯נרװאַכט פון אַש דער זעלבער בויט אין העמד פּון ליכט־און־שאָטן.
די דרעמלענדיקע פּירות וועלן שפּעטער אויך געראָטן.
ד▯▯רווײַלע זע איך, הער איך ווי זיי צײַטיקן.
                                    50
reading picture
building tuples
wide Glyphs
displaying
1975־76
דו אָפּגעשיידטע רגע, מסט געגליכן צו דײַן שוועסטער,
מיליאָנען ליכטיאָרן פאָרויט. אַ קלאַנג פון אַן אָרקעסטער
איז לכטער צו פאַרזיגלען אין דער לופטן, צו פאַרשליסן,
ווי אומצוקערן דיר אַ רגע צו דער ערד און וויטן
ביסט װידער מײַנע ג און אויך איבערלעבן די הנאה,
די שניטן פון דײַן אַקערמויל ג דאָס פרילינגדיקע, רויע
געשטראָם, די קושן־קערנער אין די אײַנגעציינטע בייטן
און אויסצוטר▯נקען דײַן מוזיק אַ צװייטן מאָל, אַ צווייטן.
עס הויערט נאָך אין פּינגערנעסט בײַ מיר דײַן לינדער צאַפּל.
ווי כ,וואָלט באַרירט אַ פייגעלע, די גרייס פון אַ שוואַרצאַפּל.
אַ גאָלדן רגע—פייגעלע מיט וווּנדיקער מתיקות,
און כ'וויל אין פּוטטער פינגערנעסט אַרײַנציען צוריק עס.
נאָר דו ביסט ווײַטער פּון געדאַנק. װי ניט־געבוירן ביסטו,
מליאָנען ליכטיאָרן פּאָרויס און קויט פּון דאָרטן גליסטו.
איך האָב אַפילו ניט געקאָנט אַהין־צו דיך באַגלייטן
און איבערלעבן אונדזער פרייד אַ צװייטן מאָל, אַ צווייטן.
                             51
reading picture
building tuples
wide Glyphs
displaying
1975־76
אַרײַנציִען אַ פאָדעם אין אַ נאָדל ? ניין' בן־אָדט.
אַפילו אין אַ שטורעמנאַכט אַזאַ פאַרמעסט איז װינציק :
דאַרפטט ז י ך אַליין אַרײַנציען, אַליין צו זײַן דער פּאָדעט
און תפילה טאָן, די וווּנדער־נאָדל זאָל דיר בלײַבן גינציק.
און אַלצדינג וואָס ניט מעגלעך וועט שוין יעמאָלט װערן מעגלעך
און דו, דער פאָדעם, וועסט פאַרנעמען דאָט געבעט פון טיילן.
דערבלאָנדזשען וועלן זיי צו דיר. אין דיר. אויף דײַנע שטעגלעך.
צוזאַמענטוליען זאָלסטו זיי און היילן. היילן. היילן־
מיט לײַב־און־לעבן דײַנס פאַרניי די וווּנדן און די ריסן
צעהאַנגענע, געהאַנגענע אויף טויערן און קוימענס.
פאַרנײ און גיב אַ תּיקון דעט צעמעסערטן געוויסן,
פון דײַנע אומגעבעטענע צווייפיסיקע חלומות.
אַ לשון האָט מיט זײַן געזאַנג אין פעלד געריסן קריעה
נאָר איידער ס'האָבן װאָגלענדיקע ליפּן איט געטרונקען.
פאַרניי אים אויר ▯ לכּבוד זלבן קינדערישע, פריע,
לכּבוד ערשטן מילגרויט און דעם זאַפט פון זײַנע פונקען.
                                52
reading picture
building tuples
wide Glyphs
displaying
1975־76
טאָג—טעגלעך עסן זיי : די מויז, דער אייזל, די גאָרילע
און או▯ך דער האָמאָ סאַפיענס, נאָר ניט אָפּגעוווינט פון עסן.
דאָס מאַלפּעווען זיי נאָך דער צײַט וואָס ווייס ניט פון קיין תּפילה
און לעבעדיקערהייט זי פרעסט די קינךער, די מעת־לעתן.
אַ פרעסעניש אויף דר,ערד און אויבן אויך די זעלבע טצענע :
קאַפּויערדיקע שפּיל פון ליכט און שאָטן, אומצעשיידיק.
אויך דאָרטן צווישן הימלפעלדזן לאָקערט אַ היענע,
דער מילכװעג זאָל ניט מיינען, ער איז הפקרדיק און ליידיק—
אַ ווערעמל פאַרשלינגט די זון אין מוח פונעט גאָון,
אַ גרין געלעכטער איז דאָס גראָז צוקאָפּנס פונעם פרעטער.
אַ בעזעם קערט צונויף דאָס גאָלד פון אָפּגעשיטע שעהען
און איבער זיי אַ הונגעריקער מאַרש פון גאָפּל־מעטער.
נאָר פּריי זיך מיטן הונגער און זײַן הונגעריקן שאָטן :
וווּלקאַן פון שטילקייט. בראשיתדיקער נײַגער. ערשטע סיבה.
געזעטיקט — וואָלסטו ניט געשריבן, וואָלסטו ניט געקנאָטן
און טויטער פונעם טויט וואָלט זײַן דער חשק און די ליבע.
                                53
reading picture
building tuples
wide Glyphs
displaying
1975־76
די דינגלטויב— איר וואָלט נאָך װעלן װאַרעמען אַ רגע
אַרום איר זוניק בריסטל מײַנע קאַלטע פינגערשפּיצן.
▯י קינדווײַז' און דערנאָך געשװינד אַ לאָז טאָן זי אין פליראָד,
נאָר ניט קיין טויב אין טויבנשלאַק צו ברענגען ▯ איר וואָלט וועלן
▯רײַנרינגלען זי זאָל אין מיד דײַן שמייכל. בלויז דײַן שמייכל.
אַזאַ ווי ט.האָט פון טרערנדיקער לופט איט אויסגעקנאָטן
דער אַלבאַשאַפער און מיט זעלבן קול ווי בעתן זאָגן :
זאָל ווערן ליכט ▯ — געזאָגט : זאָל ווערן שמייכל.
געטרײַער איז ער מיר געװען, ווי איר אַלײן געטרײַ בין
געווען די ליפּן מײַנע' אומגעשטילטע נאָר זײַן וואַסער ג
געטרײַער פונעט קניענדיקן שװײַגן וואָס איך שדײַב אין
ירושה־טאָגבוך, אַז צו איט געהערן מײַנע אוצרות.
אַצינד ווען ט,בלאָנדזשעט ווי אַ זונשטדאַל אָן אַ זון דײַן שמייכל
אין וואַלד פון אויסגעהאַקטע שאָטנס. דאַרף דאָך זײַן אַ גזלן
די רינגלטויב זי זאָל ניט וועלן אויטפירן אַ שליחות :
אַרײַנצורינגלען אין מײַן אַלטן טויבנשלאַק דײַן שמייכל־
                              54
reading picture
building tuples
wide Glyphs
displaying
1975ט76
אַ חתונה אין גאָרטן. אויך די פייגל זענען שיכּור.
בײַנאַנד מיט חתן־כּלה אי זיי טאַנצן, אי זיי ברו▯ן.
אַן איינציק ניכטער קול פאַרלעשט איר ווײַן' פּאַרלעשט איר ליקער :
אַ מיידעלע אין גאָרטן אַלאַרמירט : מע קוילעט רויזן ▯
מע קוילעט רויזן. און געקוילעט איז דער שיינער וועטער.
מע פאָכעט אין די קוסטן מיט אַ גלאַנץ אַ שטאָליק־בלויזן.
און זייער אונטערשלאַק פון זילבער קערן אויס די בלעטער
פּון ציטערבויט אַנטקעגן אָנהייב נאַכט : מע קוילעט רו▯ן.
װער קוילעט רויזן ▯ עמעץ קוילעט. ט.וועט אַ קינד ניט לײַגן,
זיי שווימען אויף אַ טײַך ווי בינטלעך האָר, ווי רויטע קרו▯ן.
און וויל זײ ראַטעווען אַ וואָלקן הינטער לעצטע צווײַגן —
געקוילעט ווערט ער אויך' אַזוי ווי עמעץ קוילעט רויזן.
עט רעגנט מיט אַ רויזן—רעגן אָטעמדיק און וואַרעט.
דער כּלה־שלייער וויל די שרעק פון בּלה ניט אַנטבלו▯ן.
און שולדיק איז דאַס מיידעלע וואָס האָט געמאַכט אַ ליאַרעם
אין גאָרטן בעת דער חתונה▯מוזיק . מע קוילעט רויזן.
                                 55
reading picture
building tuples
wide Glyphs
displaying
5▯19־76
ע▯—שט יעמאָלט ווען דער חלום־הונט האָט האַרציק זיך צעבולן,
מ־▯ך אךיפגעוועקט מיט מזל צווישן זשומענדיקע ספריט
(▯▯ זונשטראַל האָט צוט טוי פון שויב, צו פלעמלךיקע נולן,
ד▯נרשטעלט אַן איינס( — דערזען אין דרויטן האָב איך אויף דער וואָר אים,
ד,▯ם זעלבן הונט, און ווידער בילט ער. הוידעט מיטן קעפּל
כ,זאָל נאָכגיין זײַן פירפיטיקייט, ער וויל מיר וואָס אַנטפּלעקן
כּ־▯־זמן די וואָר איז נאָך פאַרשיכּורט מיטן חלומס נעפּל.
א▯▯ן כ,בין איט נאָכגעגאַנגען ווי אַ בלינדער נאָכן שטעקן.
אַ טויער עפנט זיך אין טאָג. עס וואַקסט אַרויס אַ היכל.
איך קוט אַרײַן. ט,פאַרקלאַפּט זיך הינטער מיר דער העלער טויער.
אַ זקן גוססט אויפן דיל מיט שערבלדיקן שמייכל
און בלויער אַש פון זײַנע ליפּן לוישפּערט מיר אין אויער :
—־ כ,געדענק אַ בייזן ווינטער ווען געפרוירן האָבן טרערן,
אַנטליען האָטטו מיר אַ שײַטל האָלץ אין יענער געגנט,
אַצינד איך מוז דיר אָפּצאָלן דעם חוב : צו דיר געהערן
אויף שטענדיק מײַנע ווײַנשטאָקן פון כּרט. זײַ געזעגנט.
                                      56
reading picture
building tuples
wide Glyphs
displaying
1975 ־76
פון טיגער וואָס איר האָב אַ מאָל געוואָלט אין אים אַרײַנגיין
(דער ברוךער טויט זאָל אויכעט, ווי זײַן שוועסטער לעבן, אײַנגיין)
בשעת מיר האָבן זיך אין דזשונגל טרער אויף טרער געטראָפן,
דערגאַנגען איז צו מיר אַזאַ מין דונערבריוו אין סטראָפן :
דו מיינסט איר בין געוועלגערט פון אַן אַנדער ערד און וואַטער,
געבוירן סתם אַזוי צי לויטן ווילן פון אַ שפּאַסער,
און ס'האָבן לאַנג פאַרגעטן מײַנע נאָזלעכער דײַן פּנים
און דײַן פאַרלאַנג צו וואַנדערן אין מיר ▯ אָ ניין, איך קאָן אים.
דו מיינסט אַז אונדזער ביידנס חלום האָט אַן אַנדער מראה ?
איך קאָן אַפ▯לו לייענען די בליצן פון זײַן כמאַרע.
געדענק. אַז אונדזער ביידנט בלוט איז הייס און רויט און פליסיק,
צעהאַלבסטו מיך, אַ שטײגער, בין איך שוידערלעך צווייפיסיק.
דו מיינסט, אַז בלויז אַ מענטשן וועט משיח זיך אַנטפּלעקן ▯
אַ חיה אויך. און אָפוואַשן פון מיר די אַלטע פלעקן.
טאָ לאָמיר אים אַנטקעגנטאַנצן ללומדיקער, קליגער,
ניט וויכטיק וויפל פיס מיר האָבן ־ ־
                                            דײַן געטרײַער טיגער.
                                   57
reading picture
building tuples
wide Glyphs
displaying
1975־76
אַריבערשווימען. יעדער מוז אַריבערשווימען צונעם
באַשערטן ברעג, צי נאַזנדיק צי גאָר בײַט לייגן קלאַפטער
און איבערלאָזן וועמען אַ ניט־אויטגעשעפּטן ברונעם
וואָס ▯נײַע רינגען, פאַר אַ דאָרשט אַ זוניקן, באַשאַפט ער.
די הונגעריקע הײַפיש־מוזיקאַנטן זעגן, זעגן
און טויט און לעבן ראַנגלען זיך אויף טויט און טויט. ביז איינער
פאַרבלײַבט אַליין אַ לעבעדיקער צװישן ביידע ברעגן :
אַ לעבעדיקער בלײַבט דער טויט מיט הײַפישיקע ציינער.
ווער סליעט פאַר דער אייביקייט אַ שנירל רויטע קרעלן ▯
און װער, פון טויט און לעבן, איז דאָ אָדט, ווער איז חווה ?
קאָן זײַן, אַז אויך יסוריט ווילן עמעצן געפּעלן,
אַזוי װי ס.וויל געפעלן דער צעשפּרייטער עק פון פּאַװע—
אַריבערשווימען. און וווּהין אָן־אָטעם זיי דערשווימען —
באַגעגנט זיי אַ גרינע פאָן, צי פינצטערניש אָן פענצטער ▯
ס,װעט עמעץ נאָך פון יענע מיר אַ פּינטל טאָן אַ סימן
און סאַמע ווײַטסטער װעט מיר דעמאָלט װערן סאַמע נענטטטער▯
                              58
reading picture
building tuples
wide Glyphs
displaying
1975־76
און יעדע רגע זע איך דיך צום ערשטן מאָל אין לעבן.
דו ביסט אַ סודותדיקער טײַך ▯ כּטדר ,טײַך, און שטענדיק
אַ לייקענונג פון זיר אַליין ▯ און יעדע רגע אַנדערש
דער נאָמען דײַנער. נאָר ניטאָ פאַר דיר אַזוי פיל נעמען.
טרינקטט־אָן די װאָלקנס און זיי שענקען דיר צוריק אַ רעגן.
און אויב דו פאַלסט אַרײַן אין יט, איז נאָר כּדי זאָלסט קאָנען
יונגטײַכיק שפּאַנען ווײַטער אויף ממשותדיקער ערד
און בלײַבן וווּ דו ביסט און שלאָגן שטראָמענדיקע װאָרצלען־
די שטראָמענדיקע וואָרצלען שלאָגן הילכעוודיקער. נענטער,
זיי שלאָגן שוין אַצינד אין מײַנע אָדערן, אין האַרצן.
כ.בין אויך אַ סודותדיקער טײַך און יעדע רגע אַנדערש
דער נאָמען מײַנער, נאָר ניטאָ פאַר מיר אַזוי פיל נעמען.
ט,גענענט אַ שטורעם אויפצודעקן אונדז און צו פאַרשטעלן,
מיר וועלן ביידע שפּעטער זיך באַגעגענען אין יט.
און זאָגן וועסטו איידער כוואַליע וועט אַרײַן אין כוואַליע :
און יעדע רגע זע איך דיך צוט ערשטן מאָל אין לעבן־־.
                             59
reading picture
building tuples
wide Glyphs
displaying
1975־76
געצויגן חאָט אונדז ביידן דאָ, סײַ מיך און סײַ דער מושל,
מיר זאָלן שליסן קאַנטשאַפט אויפן יט־ברעג אוופן יפוער,
אַז יענע זאָל פון וואַסערהיילן ברענגען מיר אין מושל
אַ גרוס פון איר באַשאַפער.
נאָך ק▯דיש־ווייך דאָס פּאַנצערל אַרוט דעם ראָזן לײַבל
און וואַרעמלעך : אַ מושלקינד געבוירן אין אַ הײַבל.
נאָך שפּיגלט זיך די צערטלעניש פון אָפּגעשיידטן אָרעט
און פּײַנלעכע געזעגעניש מיט שלמותדיקער פאָרעם.
װען קאָנען וואָלט איך זײַן דער גאָלדשמיד פון אַזאַ אָ מושל.
מיט קיינעמסדיקן ים־געוויין און אויפגעשפּילטן חושל,
מיט רעגן־בויגן־רינגעלעך געשפּרענקלטע אין פּאַנצער
און וווּ עס רוישט אַ רעגן אויך, אַ האַלבער צי אַ גאַנצער :
אַרויטגעריטן וואָלט איך זיך פון זילבן און געדאַנקען ־
די ריפּן דער נשמהס ▯ און װי גאָרניט אין מײַן טבע'
אַ הייב געטאָן דעם ים אויף מײַנע אַקסלען אים צו דאַנקען
און בלאַנקען װי זײַן מעװע.
                              60
reading picture
reading picture
reading picture
building tuples
wide Glyphs
displaying
1976
                                       דעם אָנדענק פון אַבוש ווערבער
קויט האָסטו זיך אַרויסגעקליבן פון דער וועלט און אירע
מעת־לעתן, און זיך אײַנגעמאָטטעט אין דער נײַער דירה
אַוווּ עס פוילט אין פינצטערניש די זון, עט פּלאַצט איר קערן,
אַז אויפגיין זאָל אין דיר אַ נײַע בענקעניש —
לחיים גיס איך אָן פון דײַן געטראַנק װאָס מיר איז טײַער :
אַ גלעזל דיר, אַ גלעזל מיר, דעם זעלביקן טאָקײַער,
אַז טרערן זאָלן זיר פון ווײַטן אָנקלאַפּן אָן טרערן,
באַפרײַטע פון געפענקעניש.
באַזונדער' זענען מיר בײַנאַנד געבליבן טאָפּל אייניק,
נאָר דיר אין דער—אָ טאָפּלקייט אַ גלעזעלע איז ווייניק .
דאַרפסט אויטטרינקען אַ רעגן איך זאָל קאָנען אין דײַן שאָטן,
אַרום דײַן בוים, אַ באָרוועסער פאַרבײַגיין דיר.
קוים האָסטו זיך אַרויסגעקליבן פון דער וועלט און אירע
מעת־לעתן, און זיך אײַנגעמאָסטעט אין דער נײַער דירה▯
דײַן גאַניק מיטן פרישן זאַמד איר האָב נאָך ניט באַטראָטן
צו לייענען מײַן שװײַגן דיר.
יאַנואַר
                             63
reading picture
building tuples
wide Glyphs
displaying
  1976
  ניט מענטשן בלויז, אַדורכגעווייקט פון כליפענדיקן פײַער,
  גענענען צו די שטיינער די פירקאַנטיקע און לאָזן
  פאַרוויקלטע באַגערן דורכן אויסלייזער דעט בלײַער,
  מעת־לעתן אויך : דאָס קוויטלען זיי אַרײַן די בינטלעך גראָזן,
  בײַנאַנד מיט שאַרפע קרײַטעכצער און בשמימדיקע ביימלער
  צו בליען אין די שטיינער־ווינקלען היימישלעך און היימלעך :
  דערפרייען זאָלן זיי די טעג וואָס בלאָנדזשען אונטער וועגנס
  און אויסבעטן פאַר קראַנקע נעכט רפואהדיקע רעגנס.
  און אויבן אױף די בערג, אין ווײַטע כוואַליעס פון דער שקיעה,
  אַלזעיק שווימט אַן אויג און לייענט. בלויז אַן אויג. און חוצן
  אַלזעיק שװימענדיקן אויג און צוקנדיקער וויע
  איז ניט פאַראַן אין גאָרער וועלט קיין רחמים און קיין גוט▯ן.
  די װײַסקייט ווערט נאָך העלער װען עס טונקלט הינטער וויעס
  און אינעווייניק איז פאַראַן די צײַט און איר נביאות,
  פאַראַן די שטאָט און אירע מתים און מײַן אייגן שפּאַנען,
  און אויך דאָס ניט־פאַראַניקע איז דאָרט אַצינד פאַראַנען.
                                  64
▯
reading picture
building tuples
wide Glyphs
displaying
976ן
פון ביימער מאַכט מען וווּנדערלעך פאַפּיר. און אזך — ס,פאַרקערטע :
פּאַפּיר פאַרוואַנדל איר אין ביימער, אין דעם בוים פון לעבן.
איך וועל זיך צוּוואָרצלען צו אים, ביז וואַנען עס וועט אויפגיין
רֶגעזאַנג פון זײַנע פייגל.
זיי וועלן זיר צעבליִען און אַרויטבלאָזן די ערשטע
געבענטשטע קלאַנגען נ אומפאַרבײַטלער, איינציק איז מײַן שליחות :
פאַרוואַנדלען די פאַרוואַנדלונגען אין זייער ערשטן מקור,
פאַרוואַנדלען זיך אַליין אין פּראָטאָפּלאַזם פון מײַן חלום.
פאַרוואַנדלען װעל איך גרודעס ליים אין זייער מענטשלעך פּניט,
פאַרוואַנדלען איידלשטיינער אין אַ לעבעדיקן גאָלדשמיד.
און סודות אָפּגעזונדערטע און מײַלן־ווײַט פון ווערטער,
פאַרוואַנדלען וועל איך אין אַ שטראַלונג ביזן דנאָ פון טרערן.
איך טונק אין זון מײַן זיגלרינג און שטעל אים אין דער פונצטער
צו היטן די פאַרוואַנדלונגען. מײַן קומעדיקער יורש,
דער קאָסמישער פּאָעט, זאָל קאָנען זוכן און געפינען,
און מײַן געביין זאָל שמייכלען.
                                  65
reading picture
building tuples
wide Glyphs
displaying
1976
פּאַראַן בײַט בראַצלאַווער אַ זאָג : זיך אָפּשפּאָרן דאַרף יעדער
אַ טויטע שעה : אַז אַלץ אַרום זאָל טויט זײַן, דו דערקעגן
זאָלסט לעבן. תפילה טו איך צו דער טויטער שעה, בײַט גדר
פון זונפאַרגאַנג : מאַר לעבעדיק אין מיר דעם שני▯ דעם רעגן.
צעבלאָז אַ שײַטער־הויפן, אַז אַ וואָלף זאָל בלײַבן הענגען
אויף שײַטער־פונקען, ווען אַ גוטער גײַסט באַוועגט מײַן אָרעם.
און צי אַרויס, ווי זשאַווערדיקע נעגל. מיט אָפּצװענגען
די ▯נאַרישקייטן מײַנע, ווען ס,אַנטפּלעקט זיך מיר אַ פאָרעט.
געשפּאַנטע לייצעס צוימען־אײַן בהלהדיקע כװאַליעס
און בלויז בײַם האָריזאָנט פון יט איז איינע װידערשפּעניק.
ס,פאַרלעשן זיך אין טויטער שעה געשרייען און באַטאַליעס,
אַ חיה טראָגט די רויטע קרוין פון ערשט־געקעפּטן קעניג.
אַ שליסל פן איך איצטער צו מײַן וועלט און זוך בחינם
איר שלאָס אין דרויסן. איך־בין—איך וואָס מער די שעה איז טויטער.
און איטלעכע געשעעניש אויף דר,ערד, אין דר,ערד און אינעט
באַשערטן וואָלקן, לײַטערט זיך אין האַרצן ליב און לויטער.
                                 66
reading picture
building tuples
wide Glyphs
displaying
1976
,,דײַן פרײַנד איז אייביק„ — כ,האָב געהערט אין הלום די אָ פראַזע,
איר האָב געפרעגט : פון עולם־הבא צי פון עולם־הזה ?
דער נאָמען זײַנער ▯ ניט געווען דער נאָמען זײַנער דײַטלעך,
נאָר ס'ליגנט ניט אַ חלוט—קול, מעג זײַן דער אמת ווײַטלעך.
„דײַן פרײַנד איז אייביק„ ־ און דער נאָכקלאַנג װיל זיך ניט באַפרײַען
פון צווישן ברודער הבל אויף דער וואָר און ברודער קין.
אַ פּאָדקעווע צום פערדנפוס ווערט צוגעשמידט מיט טשוועקעס
און מיך▯ ווי צוגעשמידט מען וואָלט אַ פּאָדקעװע מיט שטרעקעס.
און כ,האָב געזוכט מײַן לעבנספרײַנד עקשנותדיק און גלייביק.
אַ חלום־קול וועט ניט פאַרטרויען סתם : דײַן פרײַנד איז אייביק.
און כ,האָב געבלעטערט מענטשן און געדאַנקען און אַלבאָמען,
געווויר צו ווערן װוּ ס,באַהאַלט זיך זײַן געזאַלבטער נאָמען.
און בלו▯ ”דײַן פרײַנד איז אייביק” הער איך, בלויז דעם פּיזמון איינעם.
אַזוי האָט אויר די קראָ פון פּאָ געשאָנקען אַ רעפריין אים.
און זוכן בין איך אים אַוועק, מײַן פרײַנד, אויף די בית־עלמינס :
האָטעלן פאַר די טויטע און די לעבעדיקע. אַלעמענס־
                                     67
reading picture
building tuples
wide Glyphs
displaying
1976
אַז מענטשן זינגען דיר אַ לויב, דערמאָן זיך אָן די פויגל :
זיי לאַכן אָדער פײַפן פונע▯ שטורעם און זײַן כמאַרע.
נאָר אַז אַ פּשוט גראָז, אין אָוונט, גיט זיך אַ פאַרנייגל,
פאַרנייג זיך אויך : גוטן־אָוונט, גראָז. און מאַך פאַר אים אַ װאַרע.
און זײַ אַ ווײַלינקע אַלטמאָדיש (ביסט גענוג מאָדערן(
און לייען פאַרן גראָז דײַן מענטשלעך ליד, אַז נאָכן הערן
צוזאַמענגראָזן זאָלט איר זיך אין גרינער פרייד ביחודות
און בלײַבן זאָל אַ סוד פאַר ביידן, וואָס איז פאַר אַ ליד עס.
חלילה, ס,פליט ניט איבער לענדער, איז צו ערד געקאָ▯עט,
נאָר פרײַער איז דאָס גראָז פון דײַן געדאַנק, און ווײַט פון שקר.
ךי גראָזן זאָלסטו גלייבן, זייער כּבוד איז דײַן כּבוד,
און אַז אַ גראָז פאַרנייגט זיך, ווערן שטוט די פּוטטע גלעקער.
דעריבער, אַז אַ גראָז פאַרנייגט זיך, וווּ דו זאָלסט ניט אײַלן,
פאַרנייג זיך אויך און זאָלן בענקען ערגעצדיקע מײַלן.
אַנטפּלעק נש אײַער טוד פאַר קיינעם, זײַ ניט קיין אַנטפּלעקער,   ▯
נאָר גלייב : אַ גראַז פאַרנייגט זיך, ווערן שטוט די פּוסטע גלעקער.
                                   68
reading picture
building tuples
wide Glyphs
displaying
1976
פאַר וועמען טאַנצסטו, קינד, פאַר וועמען טאַנצן דײַנע גלידער,
וווּהין די רונדע פײַלןטבויגנס און אין וועמען צילן זיי ?
אַרײַנגעצילט אין האַרץ פון דעמאָן, פאַלט ער ניךער—נידער
צו דײַנע פיס, מיט לעצטן אָטעם, זאָלסט נאָר מער צעשפילן זיי.
זײַן טאָפל־פּנים : הימל — ערד. אַ יונגלינג און אַ זקן.
צו שלאַבעריק די ציין פון צײַט אים אײַנצוקאַרבן, אויסעסן.
אַנטבלויזטע שפּיגלען זעען ווי דו טאַנצסט אין רויטע זאָקן
און צווינגסט אים, ער זאָל פינצטער לאַכן אין זײַן שוים בײַם גוססן.
דאָט לאַכן זײַנס צעשפּאַלט די שפּיגלען. און די שפליטערס לאַכן
צוריק פון דעמאָן און זײַן קרוין, פאַרקנעכטע, אונטערטעניקע.
און דו, אין רויטע זאָקן, אויף דעם גוססדוקן, שוואַכן,
דו וויקלסט אַ נקמה־טאַנץ מיט הערשעראויגן ברעניקע.
נאָר אונטער דײַנע פיט דער קרבן טוט זיך אַ צעפּלאָשע
און אָדלעריש דערלאַנגט ער זיך אַ הייב פון זײַן געפענקעניש
בײַנאַנד מיט דיר, דו קינד, און ס,בלײַבן קאַלט אויף דער יבשה
די שפּליטערס, און אין זיי : די רויטע זאָקן און דײַן בענקעניש.
                                  69
reading picture
building tuples
wide Glyphs
displaying
1976
דעם בוים געבוירט אַ קערן, דער בויט געבוירט אַ פידל
און דו געבוירסט מײַן שטערן, די נאַכט זאָל זײַן אַן אמת.
געבוירסט איט ווײַט פון דאַנעט. זײַן ליכט געהערט אונדז ביידן,
געבוירסט איט װוּ עס וויאַנעט קיין בלאַט ניט און קיין שמייכל.
מיר זענען שוין אומדאָיִק בײַנאַנד אַ שאָק מיט שווײַגן,
אַ קאָסמישע העראָיק דערלאָזט ניט אונדזער אומקוט.
דאָט ערדישע, דאָט וואָרע איז ערדיש־וואָר און גילטיק
און מער איז ניט קיין שררה דער טויט אויף אונדזער אָטעם▯
זײַן קיניגרײַר דערלאַנגט ניט צוט גרינעט בויט פון לעבן,
ט,פאַרגאַנגענע פאַרגאַנגט ניט, קוים צײַט איז נאָך אומצײַטיק.
אַנטרונען פון געפּילדער איז ליבשאַפט אונדזער שווײַגן,
עס וויינט מיט נײַע בילדער דאָס אויג פון דער נשמה.
דער זיווגדיקער צאַפּל פון שווײַגנס צװיי אין איינעט
דערנענטערט מיט אַ שטאַפּל צו זיך אַליין. צו שלמות.
דער וווּנדער־אָן־אַ—נאָמען דערציילט פון זײַנע מעשיט,
דאָס ל▯ פון אַטאָמען א▯ פּשוט װי אַ פּאָלקסליד.
                              70
reading picture
building tuples
wide Glyphs
displaying
1976
ער װיל מיך איבערצײַגן, אַז ער לעבט. אַזאַ מין שוטה.
קאַפּאַבל איז ער קושן מײַנע פיס. איר זאָל אים גלייבן.
ער קאָן זיך שווערן, אַז ער וווינט נאָך אויפן אַלטן אַדרעס,
מײַן קאָפּ איז אָבער נייניק : מוזסט באַווײַזן מיר טימנים.
ער ציט אַרויס אַ זייגער פון זײַן גרינער קאַמיזעלקע
און קאָרמעט אָן (מיט זײַן גאַלאָפּ אין וויסטעניש( מײַן אויער.
דערנאָר צעשנײַדט ער אַן אַרבוז און ווי אַ בער מיט האָניק
פאַרכליניעט ער זיך מיט אַ רויטן וואָלקן, שוואַרצן האָגל.
דערנאָך דערלאַנגט ער מיר אַ ספר אָקערשט פון דער נאָדל,
באַקריינט מיט נאָמען זײַנעם אויבן און דאָט יאָר פון אונטן.
צונויפגעוואַקסן זענען זײַנע בלעטער, זײַנע גלידער,
פונאַנדערלייגן קאָן מען זיי מיט זונפאַרגאַנג פון קאָסע.
נאָר איידער כ,נעם די קאָסע, לייענט אויסווייניק שוין יענער
זײַן אויפגעוואַכטע אייביקייט פון צווישן בלעטער, גראָזן.
ער וויל מיך איבערצײַגן, אַז ער לעבט▯ אַזאַ מין שוטה.
איר ענטפער אים : אַזעלכע קונצן קענען אויך די טויטע.
                              1▯
reading picture
building tuples
wide Glyphs
displaying
1976
דערמאָנונג וועגן פּאַסטערנאַק : די ערד פון זײַן טשופּרינע —
אין פרישן מאָסקווער שניי. אַרוט דעם האַלדז אַ רויטער שאַליק.
אַזוי ווי פּושקין וואָלט אַרײַן... עס האָט אים וואָס געפאַנגען.
דער שניי איז ניט צעגאַנגען.
זײַן האַנט אין מײַנער, ווי ער וואָלט אַ פינגערדיקן שליסל
פאַרטרויט מיר. און זײַן פּנים, קעגן איבער : אי דערשראָקן
אי מאַכטיק : לייענט ווײַטער, איר פאַרשטיי די ווערטער, קלאַנגען.
דער שניי איז ניט צעגאַנגען.
איך האָב געלייענט מײַן געראַטעוועטן זשאַר פון גיהנום :
”אַ רגע איז געפאַלן װי אַ שטדֶן„ — אַלע װערטער
▯פּאַרשטאַנען, חוץ ”אַ רגע„. ניט געקענט צו איר דערלאַנגען.
דער שניי איז ניט צעגאַנגען.
אין זײַנע פײַכט־געשליפענע שוואַרץ־מירמלנע שוואַרצאַפּלען
האָט אָפּגעשטערנט יענע רגע. און זי האָט אַ רגע
דעם רוסישן פּאָעט מיט געלער לאַטע אויך באַהאַנגען.
דער שניי איז ניט צעגאַנגען.
                                72
reading picture
building tuples
wide Glyphs
displaying
976▯
ךו זאָגטט : ניטאָ קיין בורא־עולם. ווייסט מסתמא בעסער,
נאָר אויב אַזוי, קאָלעגע, אוז דער וווּנדער, דאַכט זיך, גרעסער :
ניטאָ, און האָט באַשאַפן ךי ניטאָען און די דאָען,
בײַנאַנד מיט ליכט און שאָטן און קאָלירן פון שגעון.
באַשאַפן לעבן און באַשאַפן טויט אויף לאַנגע יאָרן,
מיר זאָלן בלויז אַן איינציק מאָל פאַרזוכן זײַנע קרײַטעכצער.
באַשאַפן קלאַנגען—פערל אין דער מושל פון זכּרון
און וואָלקנדלעך מיט זייערע פאַרוואַנדלונגען און בײַטעכצער.
דו זאָגסט : אַ גורל נעמט מען אין די אייגענע ידייט,
קאָלעגע, איר בין מסכים אַז צו נעמען איז כּךאַי איט.
וווּ נעמט מען אים ▯ און ווי אַזוי ▯ דערצייל עס מײַנע פינגער,
דעם אייפל־טורעם נעמען אויפן אַקסל איז דאָר גרינגער.
דײַן שאָטן האָט אַרײַנגעקערט, זעט אויט, אַ צעבער משקה,
נאָר כ,מוז אַ סוד פאַרטרויען אין זיך הוידענדיקע אויערן :
אַליין דעם גורל טראָגן אוז בלויז פעיק אַ מוראַשקע,
דערהייבן זיך צו אור מדרגה דאַרף אונדז נאָך געדויערן.
                                3▯
reading picture
building tuples
wide Glyphs
displaying
1976
בשעת דער אינדאָנעזישער פּאָעט סאַפאַרדי דזשאָקאָ
ךאַמאָנאָ האָט געלייענט אויף זײַן ציינדלדיקן לשון
אַ ליד מײַנס פון ךער געטאָ, האָט אַ יענוועלטיק דערוואַכטע
סקעלעטישע מוזיק באַגלייט אונדז ביידן דורך די זילבן.
איך האָב געטראַכט : אַ צופאַל איז קיין צופאַל ניט, מײַן קוכ▯ען
אין ראָטערדאַם ־ געוואָרן איז עס גוט פּלאַנירט פון גײַטטער :
פאַראַן אַן איינציק לשון צווישן זיי פאַר אַלע פעלקער,
די לעבעדיקע מוזן בלויז דערמאָנען זייער שײַכות.
און ווי ס,דערגייט צו אונדז די שײַן פון אויסגעצאַנקטע שטערן,
דערגייט אַהער דער אַלף־בית פון אויסגעצאַנקטע מײַלער,
בשעת דער אינדאָנעזישער פּאָעט סאַפאַרדי דזשאָקאָ
דאַמאָנאָ זינגט מיך איבער אויף זײַן ציינדלדיקן לשון.
און כ,האָב געזען אַ זעונג ווי אַ חלוט אין אַ חלום :
פאַרוואַנדלט בין איך אין אַ טײַך. און איבער מיר די כוואַל▯עס
מיט פּנימער פון מענטשנקינדער שווימען צו די שטערן
און זייער לשון, ביזן דנאָ, איז לויטער און פאַרשטיייק.
פּאָעזיע—אינטערנאַציאָנאַל, ראָטערדאם' 19טז יוני
                                4▯
reading picture
building tuples
wide Glyphs
displaying
1976
דער ים וואַרפט אַרויס אויפן מעג זײַן דערטרונקענע שטילקייט
ארן קלענערט זיך אײַן מיט אַ שוים אויף די ליפּן
צוריק.
באָרוועטער וואַנדערלינג,
איידער עס וואָלקנט זיך אויס אויפן ים־ברעג
די גלאַטע געזאַלצענע פײַכטקייט.
פאַרשרײַב מיט אַ ריטל אויף דעם דײַן צוואה :
אָזוי און אַזוי אוו אַזוי.
אײַנשלינגען זי װעט אַ כוואַליע מיט פּערלנע פליגל
און ברענגען צוס קײַקלער פון כװאַליעס
און ער װעט זי לייענען.
לייענען, בענטשן : זאָל זײַן ווי דער וואַנדערלינג ווינטשט זיך—
און תחית־המתים װעט אויפגיין פון זאַמד
אַ פאַרזונקענער איינציקער שמייכל.
דער ים וואַרפט אַרויס אויפן ברעג זײַן דערטרונקענע שטילקייט.
                                 5▯
reading picture
building tuples
wide Glyphs
displaying
1976
אין הייל פון אליהו. אירע דערנערדיקע שפּאַלטן,
באַהאַלטן האָב איך זיך פון זיר, פון חלוט זיך באַהאַלטן.
געלאָזן פאַר דער וויסטעניש אַ קרבן און אַ שטײַער :
די גלידער מײַנע, אָנגעסיליעט אויף אַ שנירל פײַער.
אין הייל פון אליהו, אויך די יאָרן ךאַרף איך מער נ▯ט,
געלאָזן זיי אין וויסטעניש פון צײַט װוּ אידָ געהער ניט.
פאַראַן אַ צײַט מחוץ דער צײַט, אַן איימקער באַגינען,
אין הייל פון אליהו וועל איך אפשר זי געפינען.
דער נאַכטגראַניט פאַרלאַוועט מײַן צופוסנס און צוקאָפּנס,
דער זייגער אין די אָדערן קלינגט אויט פון מיר די טראָפּנס.
כ,ווער יינגער, יינגער : זיבן יאָר און זעקס און פינף און דרײַ יאָר,
ניטאָ קיין קול און ווידערקול, ס'איז הײַיאָר לעצטער הײַיאָר.
ניטאָ קיין שײַן און ווידערשײַן פון ערגעץ אַ שפּאַרונע,
ניטאָ קיין מידבר און זײַן רויטע זעגלשיף זײַן דיונע.
ניטאָ קיין צײַט מחוץ דער צײַט, ניטאָ קיין אָטעם, סײַדן
אָנאָטעמדיק איז מעגלעך סײַ צו פילן סײַ צו לײַדן—
און אַז איר ווער אָנאָטעמדיק אין מײַנע דלד־אַמות,
דערקײַקלט זיך אין הייל אַ טרער, אַ קליינע טרער דער מאַמעס
און מאָנט בײַ אליהון, אַז דאָס יינגל, דער מיזיניק,
מוז לעבן, לעבן און געזאַלבט נאָך ווערן פאַר אַ קיניג.
                                76
reading picture
building tuples
wide Glyphs
displaying
און דעמאָלט נענטערט זיך צו מיר אַ זיפצנדיקע כמאַרע,
געגליכן צו אַ מענטשן־גוף מיט שװעבנדיקער מראה
און בלאָזט אַרײַן אַן ערב־רעגן אין מײַן מויל. און ווידער —
אַ הימל־ריח, ס,זאָל די ערד מיר שטראָמען דורר די גלידער.
צעשפּאָלטן שוין דער נאַכטגראַניט און איר בין אויך צעשפּאָלטן :
אַ טויטער און אַ לעבעדיקער, ווי צוויי אָדלערס וואָלטן
פאַרמאָסטן זיך אַצינד אין פלי : דער אָדלער־שאָטן אונטן
און אויבן — דער בײַם לייגן קלאַפטער איבער פעלדזן, גרונטן.
און אַז אַ נײַ־געבוירענער אין הייל פון אליהו
באַגעגן איך די זון אַנטקעגן הייל פון אליהו,
געבוירן אין אַ הייל ווי איך, באַוועגט זיך צווישן ביידן
אַ קליינע טרער. זי לעשט זיך ניט אין ליידן און אין פריידן.
                               7▯
reading picture
reading picture
building tuples
wide Glyphs
displaying
        די ערשטע שורות פון די לידער :
1974  ט,דערנענטערט זיך די ווײַט. נאָך אַלע רײַזעס, אַוואַנטורעס . . . 7
        די רויטע ציגל פון דײַן לײַב ־ געדענקסט ניט זייער בנין . . . 8
        באַשעפענישן אויפן גרונט פון ים, אָן זון, אָן שטראַלן . . . 9
        דײַן רגע איין־און־איינציקע, די פּרי וואָס איז אָקערשט . . . 1°
        אומדאָיק ביסטו, איך — דערווײַל אומךאָרטן . . . 1 1
        וואָסער געטראַנק זאָל איך געבן דער נאַכט זי זאָל וווּנדערן ווײַטער . . . ▯▯
        איצטער וועל איך הערן וואָס עס רעדט די נאַכט פון שלאָף . . . ▯1
        מײַן בריווטרעגער וועט מיר ניט ברענגען קיין בריוו . . . 4ו
        אַ ווײַסע האָר טיילט ביידן אונדז פונאַנדער . . . 5▯
        ▯ווער וועט בלײַבן, וואָס וועט בלײַבן ▯ בלײַבן וועט אַ װינט . . . 16
        ▯דער שיכפּוצער אין פאַרק איז ניט קיין שיכפּוצער. ווער דען . . . 17
        צונויפגעוואַנדערט האָבן זיר די פינגער. און זיי קנעטן . . . 18
        גוט־מאָרגן, פיקהאָלץ, אויב חלילה האָסט ניט וואָס צו פּיקן . . . 9▯
        באַשערט איז מיר צו זײַן אויף דר'ערד אַ רואה־ואינו־ניראה . . . °▯
        פאַראַן אַ בענטשנדיקע פרייד, זי איז מײַן פרייד אין לעבן . . ־ ו▯
        קודלאַטער כּלב — גורל, זאָלן לעבן דײַנע ציינער . . . ▯▯
       דער ים־גאַלאָפּ, דער ים־גאַלאָפּ ־ צו וואָס פאַרשלינגט ער מײַלן . . . ▯▯
       דער זעלביקער וואָס האָט געבענטשט, ער האָט מיך אויך געשאָלטן . . . 4▯
1975  אַ שווערער עפּל ציט אַראָפּ אַ פולן צווײַג מיט זומער . . . 7▯
 ▯76  און אויב אַן איינציקער פאַרלאַנג איז גילטיק אויף מײַן קאָנטע . . . 8▯
        צי בליט אַ דאָרן אין דער לופטן ל יאָ, עס בליט אַ דאַרן . . . 9▯
        פון ביכער־טאָוולען צוויי און צוויי, געאָרעמט און געווינקלט . . . °▯
       פאַרהוילן איז פון דיר דער זינען פון געהיימוואָרט : גורל . . . ▯▯
       בײַ טאָג אַ לוויה, בײַ נאַכט אַ קאָנצערט . . . ▯▯
       דערקלערן ▯ ווי אַזוי דערקלערן . . . 4▯
        די ליים פון צײַט איז ווייך געוואָרן. ס,גייט שוין אויף די קנעטעניש . . . 5▯
       אַ שלאַנג אַן אומגעזעענע האָט סם אַ פולע דאָזע . . . 6▯
       דער פידלשפּילער שפּילט און ווערט אַלץ דינער. דין און דינער . . . 7▯
       כּתב—ידן פון חברים, דער נשמהס טינט און פראַצע . . . 8▯
       ניטאָ די גרינע אויגנפּאָר פון לאַנג־לאַנג—לאַנג. די גרינע . . . 9▯
       מיט יעדער נײַעם דונער וואָט דו האָסט מיר פרײַ געשאָנקען . . . 4°
reading picture
building tuples
wide Glyphs
displaying
       נאָך וואָס און וועמען בענקסטו ? — כ,בענק נאָך גאָרנישט נש, נאָך קיינעם . . . 41
       דו ציטעריקע כוואַליע אויפן ברעג פון ים־התוכון . . . ▯4
       אַ מירטן־ריח האָט געפירט מיך פאַר דער האַנט אין צפתער . . . ▯4
       פאַראַן אַן אויסטערלישער טעט, פון מילגרוימזאַפט באַטעמטער . . . 44
       לויפנדיקע מוסקלען פונעם טויט אין מידבר : דיונעט . . . 45
       ווי אַלט זײַט איר, גראָזן . . . 46
       די לאָפּעטע לייט אויף דער שמאָלינקער קרקע . . . 7▯
       צו װעמען געהער איך ▯ צו דיר און צו מיר . . . 48
       דײַן לייטער א▯ דאָך אינעווייניק, אין־דיר איז דײַן לייטער — . . 49
       צי ראַנגלט זיך אַ מלאך מיט אַ גיהנומדיק פאַרזעעניש . . . 5°
        דו אָפּגעשיידטע רגע, ביסט געגליכן צו דײַן שוועסטער . . . 51
       אַרײַנציען אַ פאָדעט אין אַ נאָדל ▯ ניין, בן־אָדם . . . ▯5
        טאָג־טעגלעך עסן זיי : די מויז, דער אייזל, די גאָרילע . . . ▯5
       די רינגלטויב. איך וואָלט נאָך וועלן וואַרעמען אַ רגע . . . 54
        אַ חתונה אין גאָרטן. אויך די פייגל זענען ש▯כּור ־ . ▯ 55
       ערשט יעמאָלט ווען דער חלום־הונט האָט האַרציק זיך צעבולן . . ▯ 56
        פון טיגער וואָט איך האָב אַ מאָל געוואָלט אין אים אַרײַנגיין . . . 57
       אַריבערשווימען— יעדער מוז אַריבערשווימען צונעם . . . 58
        און יעדע רגע זע איך דיך צום ערשטן מאָל אין לעבן . . . 59
        געצויגן האָט אונדז מידן דאָ, סײַ מיך און סײַ דער מושל . . . 6°
1976  קוים האָסטו זיר אַרויסגעקליבן פון דער וועלט און אירע . . . ▯6
        ניט מענטשן בלויז, אַדורכגעװייקט פון כליפּענדיקן פײַער . ־ . 64
        פון ביימער מאַכט מען וווּנדערלעך פּאַפּיר. און איך — ס,פאַרקערטע . . . 65
        פאַראַן בײַם בראַצלאַווער אַ זאָג : זיך אָפּשפּאָרן דאַרף יעדער . . . 6▯
        ”דײַן פרײַנד איז אײביק„ — כ,האָב געהערט אין חלום די אָ פראַזע . . . 67
        אַז מענטשן זינגען דיר אַ לויב, דערמאָן זיך אָן די פייגל . . . 68
       פאַר וועמען טאַנצסטו, קינד, פאַר וועמען טאַנצן דײַנע גלידער . . . 69
        דעם בוים געבוירט אַ קערן, דער בוים געבוירט אַ פידל . . . 70
       ער וויל מיך איבערצײַגן, אַז ער לעבט. אַזאַ מין שוטה . . . 71
       דערמאָנונג וועגן פּאַטטערנאַק : די ערד פון זײַן טשופּרינע . . . ▯7
       דו זאָגסט : ניטאָ קיין בורא־עולם. ווייסט מסתמא בעסער . . . ▯7
        בשעת דער אינדאָנעזישער פּאָעט טאַפּאַרדי דזשאָקאָ . . . 74
       דער יט וואַרפט אַרויס אויפן ברעג זײַן דערטרונקענע שטילקייט . . ▯ 75
        אין הייל פון אליהו, אירע דערנערדיקע שפּאַלטן . . . 76
reading picture
